\BOOKMARK [1][-]{section.1}{Introducci\363n}{}% 1
\BOOKMARK [1][-]{section.2}{Desarrollo}{}% 2
\BOOKMARK [2][-]{subsection.2.1}{Modelado}{section.2}% 3
\BOOKMARK [2][-]{subsection.2.2}{Implementaci\363n}{section.2}% 4
\BOOKMARK [3][-]{subsubsection.2.2.1}{Optimizaci\363n Matriz "en banda"}{subsection.2.2}% 5
\BOOKMARK [1][-]{section.3}{Estimando la isoterma}{}% 6
\BOOKMARK [2][-]{subsection.3.1}{Midiendo la Peligrosidad}{section.3}% 7
\BOOKMARK [1][-]{section.4}{Experimentaci\363n}{}% 8
\BOOKMARK [2][-]{subsection.4.1}{Resultados esperados}{section.4}% 9
\BOOKMARK [2][-]{subsection.4.2}{Revisando errores de redondeo}{section.4}% 10
\BOOKMARK [3][-]{subsubsection.4.2.1}{Armado de experimento}{subsection.4.2}% 11
\BOOKMARK [3][-]{subsubsection.4.2.2}{Replicabilidad del experimento}{subsection.4.2}% 12
\BOOKMARK [2][-]{subsection.4.3}{Movimiento de la isoterma}{section.4}% 13
\BOOKMARK [3][-]{subsubsection.4.3.1}{Movimiento de la isoterma en base a la temperatura interna}{subsection.4.3}% 14
\BOOKMARK [3][-]{subsubsection.4.3.2}{Armado de experimento}{subsection.4.3}% 15
\BOOKMARK [3][-]{subsubsection.4.3.3}{Replicabilidad del experimento}{subsection.4.3}% 16
\BOOKMARK [3][-]{subsubsection.4.3.4}{Movimiento de isoterma en funci\363n de la cantidad de radios}{subsection.4.3}% 17
\BOOKMARK [3][-]{subsubsection.4.3.5}{Replicabilidad del experimento}{subsection.4.3}% 18
\BOOKMARK [1][-]{appendix.A}{Justificaci\363n Gauss sin pivoteo}{}% 19
\BOOKMARK [1][-]{appendix.B}{Efectividad de la factorizaci\363n LU}{}% 20
