1216384 3096 2288 2206 2257 2195 2205 2181 2187 2281 
1.60597 1.59226 1.60205 1.59758 1.59316 1.59684 1.59566 1.60248 1.59466 
1.5951 1.59314 1.60229 1.59609 1.60063 1.60466 1.59862 1.59447 1.60149 
1.60371 1.59869 1.5985 1.60399 1.59608 1.60291 1.60486 1.60706 1.60264 
1.61089 1.60229 1.59878 1.59601 1.59968 1.60354 1.59812 1.60526 1.60126 
1.60489 1.60716 1.59758 1.59704 1.59818 1.59241 1.59467 1.60738 1.60804 
1.61264 1.60397 1.60199 1.60653 1.59338 1.59385 1.60096 1.59768 1.60597 
1.59348 1.6099 1.59594 1.60303 1.59175 1.59237 1.59534 1.59819 1.6022 
1.60039 1.58599 1.60084 1.59948 1.59726 1.60038 1.59689 1.59902 1.59727 
1.59711 1.59632 1.59352 1.58929 1.60365 1.59147 1.60364 1.59822 1.60234 
1497.725992 
1491.485158 
1514.549430 
1510.047001 
1507.546969 
1503.383591 
1493.204904 
1493.878507 
1510.729566 
1273.298824 
1265.811605 
1284.644603 
1280.694768 
1277.533330 
1275.097248 
1267.481933 
1269.693528 
1280.032482 
1071.329835 
1062.165381 
1078.197706 
1074.261583 
1070.506173 
1069.745804 
1064.129636 
1067.760293 
1072.755394 
887.852888 
876.605197 
890.857306 
886.591986 
882.248881 
883.145011 
879.107116 
884.161489 
884.430551 
719.874710 
706.145034 
719.392448 
714.562631 
709.605046 
712.164585 
709.373590 
715.930768 
711.754516 
565.083200 
548.469674 
561.336663 
555.767854 
550.150244 
554.401459 
552.582997 
560.771181 
552.211968 
421.656877 
401.748233 
414.763564 
408.316072 
401.981762 
407.970665 
406.886981 
416.869736 
403.840979 
288.136315 
264.507991 
278.139485 
270.693377 
263.578805 
271.366419 
270.803119 
282.771560 
265.080119 
163.334949 
135.546640 
150.223341 
141.669443 
133.706597 
143.366867 
143.124061 
157.292234 
134.665235 
1485.154529 
1481.544490 
1499.581588 
1505.870517 
1492.021864 
1513.077319 
1480.964247 
1497.521660 
1503.789960 
1261.124657 
1258.034463 
1273.432800 
1276.778869 
1268.351978 
1283.818444 
1259.572115 
1270.075652 
1276.200390 
1059.251858 
1056.496100 
1070.146174 
1070.837939 
1066.558848 
1078.300266 
1059.606214 
1065.464087 
1071.804758 
875.565005 
873.001218 
885.559879 
883.703200 
882.838894 
891.981641 
877.402713 
879.445387 
886.310918 
707.068809 
704.582108 
716.561170 
712.148883 
714.286353 
721.527562 
710.146008 
708.859527 
716.525831 
551.449235 
548.942691 
560.761362 
553.711534 
558.637429 
564.411426 
555.632643 
551.286965 
560.009023 
406.881978 
404.270417 
416.287629 
406.465775 
414.097408 
418.670212 
412.109541 
404.832791 
414.852895 
271.903668 
269.109563 
281.644627 
268.877244 
279.221281 
282.746603 
278.161176 
267.984501 
279.537901 
145.322709 
142.273405 
155.619604 
139.702765 
152.829562 
155.383225 
152.629396 
139.515069 
152.833876 
1497.712324 
1497.774794 
1500.599494 
1498.468628 
1490.094391 
1509.008868 
1507.363822 
1498.087041 
1491.912127 
1272.724777 
1271.675492 
1273.646259 
1273.248053 
1265.676729 
1280.941757 
1280.581108 
1274.165610 
1268.515246 
1070.343882 
1068.124155 
1069.436953 
1070.696710 
1063.232287 
1076.001957 
1076.600897 
1072.620624 
1067.255753 
886.451254 
883.017586 
883.793028 
886.707059 
878.848783 
889.899423 
891.241988 
889.421388 
884.149243 
717.964735 
713.276591 
713.588959 
718.203365 
709.561152 
719.443757 
721.374726 
721.537933 
716.193689 
562.517136 
556.531887 
556.425282 
562.822437 
553.070744 
562.196602 
564.595637 
566.635454 
561.071411 
418.250725 
410.921695 
410.419499 
418.709195 
407.560610 
416.251805 
419.018815 
422.877036 
416.955915 
283.680715 
274.956596 
274.067263 
284.380758 
271.570234 
280.090682 
283.137164 
288.791689 
282.382318 
157.601657 
147.426522 
146.147255 
158.633179 
143.908297 
152.483502 
155.727213 
163.183365 
156.157796 
1503.978192 
1497.583332 
1507.724683 
1519.935030 
1506.353422 
1507.288993 
1502.052653 
1498.671982 
1494.823478 
1279.221507 
1272.882408 
1279.307312 
1287.422988 
1278.748696 
1280.021065 
1274.936257 
1273.950623 
1270.523802 
1077.249009 
1070.389691 
1073.696987 
1078.506640 
1073.700363 
1075.610364 
1070.447395 
1071.751487 
1068.405328 
893.903917 
886.133011 
886.753035 
888.745741 
887.178901 
889.902388 
884.438770 
888.012943 
884.454561 
726.082942 
717.111497 
715.368187 
714.848968 
716.139765 
719.786729 
713.802091 
719.687572 
715.647687 
571.406881 
561.003885 
557.151928 
554.306895 
558.228880 
562.873822 
556.147200 
564.430805 
559.650221 
428.011080 
415.978240 
410.226289 
405.161274 
411.589776 
417.288020 
409.596244 
420.400566 
414.622318 
294.406817 
280.563696 
273.089429 
265.853887 
274.733271 
281.530040 
272.646687 
286.123557 
279.088159 
169.386541 
153.561517 
144.521710 
135.124056 
146.446990 
154.382604 
144.077268 
160.403260 
151.845724 
1511.995840 
1520.110301 
1490.508361 
1484.067226 
1506.465886 
1497.384545 
1502.171544 
1506.384251 
1509.111632 
1284.552599 
1290.282649 
1266.259056 
1261.108171 
1277.300289 
1269.791152 
1273.923500 
1280.475077 
1282.982144 
1079.768338 
1084.048233 
1064.047459 
1060.007115 
1071.537543 
1064.718243 
1068.450625 
1077.239803 
1079.484823 
893.533062 
896.974119 
879.948100 
876.923945 
884.791651 
878.109405 
881.571355 
892.591431 
894.520518 
722.754294 
725.781136 
710.990851 
708.942516 
713.815228 
706.906767 
710.157668 
723.459954 
725.011462 
565.048203 
567.973154 
554.875620 
553.798710 
556.133868 
548.750221 
551.807619 
567.481251 
568.587803 
418.539162 
421.604895 
409.785643 
409.700886 
409.817200 
401.781274 
404.636220 
422.796375 
423.385899 
281.725236 
285.130256 
274.261325 
275.207751 
273.329316 
264.510943 
267.136681 
287.917382 
287.913694 
153.385293 
157.299682 
147.112581 
149.143076 
145.427546 
135.728287 
138.085356 
161.634906 
160.958072 
1519.974179 
1526.254978 
1491.419660 
1510.871970 
1490.977706 
1499.897556 
1494.394669 
1489.808533 
1508.725899 
1292.375282 
1294.395260 
1268.846257 
1282.826428 
1265.549621 
1271.561306 
1269.414252 
1265.806312 
1281.962678 
1087.708471 
1086.287162 
1067.719153 
1078.226756 
1062.186521 
1066.226078 
1066.961851 
1063.798798 
1077.993627 
901.836565 
897.388732 
884.383306 
892.677217 
876.970491 
879.613710 
882.980324 
879.861273 
892.643182 
731.648348 
724.353769 
716.021968 
722.932107 
706.927674 
708.542066 
714.423001 
711.025313 
722.789738 
574.747642 
564.641780 
560.426456 
566.522510 
549.751171 
550.577981 
558.944274 
554.992658 
566.037222 
429.251100 
416.276128 
415.836968 
421.524405 
403.617342 
403.818120 
414.700115 
409.948211 
420.505749 
293.652393 
277.687206 
280.830912 
286.407996 
267.060644 
266.744849 
280.214798 
274.433788 
284.692898 
166.728369 
147.606940 
154.243231 
159.936124 
138.886209 
138.128169 
154.289103 
147.260460 
157.378767 
1512.315186 
1519.832667 
1500.617828 
1483.371598 
1506.003652 
1508.314611 
1508.776581 
1520.416204 
1514.778049 
1281.858993 
1290.746055 
1273.336392 
1262.174053 
1275.599939 
1277.775000 
1279.253725 
1288.520649 
1285.548318 
1074.190383 
1085.107649 
1068.654919 
1062.591773 
1068.467437 
1070.303638 
1072.523361 
1080.065768 
1079.256271 
885.129718 
898.627746 
882.404681 
880.950894 
880.233658 
881.686805 
884.496411 
890.702952 
891.790221 
711.536882 
728.111310 
711.464859 
714.436261 
707.655103 
708.768714 
712.089973 
717.193311 
720.056734 
550.992684 
571.114843 
553.436083 
560.848847 
548.255974 
549.125213 
552.923933 
557.057760 
561.671715 
401.593497 
425.728114 
406.432415 
418.441384 
400.101574 
400.854153 
405.123388 
408.355436 
414.760000 
261.814111 
290.429871 
268.943527 
285.804500 
261.650033 
262.435762 
267.185671 
269.537671 
277.820866 
130.413302 
163.989320 
139.740353 
161.786146 
131.651826 
132.636749 
137.888279 
139.348479 
149.635104 
1508.517276 
1499.892533 
1484.025271 
1493.683638 
1515.761416 
1490.171202 
1519.296778 
1504.070402 
1490.644378 
1279.440656 
1269.716529 
1261.779545 
1268.824850 
1284.101590 
1267.154994 
1286.788979 
1276.451615 
1266.342673 
1073.739951 
1062.521457 
1061.450993 
1066.283053 
1076.268890 
1065.689863 
1078.146898 
1071.590021 
1063.994989 
887.094781 
873.990225 
879.234039 
882.066755 
887.678783 
882.149130 
888.794691 
885.369811 
879.748522 
716.294764 
700.908496 
712.236186 
713.162215 
714.963268 
713.729982 
715.365321 
714.699248 
710.671161 
558.888281 
540.816423 
558.210604 
557.239708 
555.570400 
558.231326 
555.304613 
557.198006 
554.482574 
412.960416 
391.788236 
415.379097 
412.461835 
407.517408 
413.898209 
406.626354 
410.995098 
409.375769 
276.986831 
252.287071 
282.311415 
277.354305 
269.231341 
279.311797 
267.753830 
274.593656 
273.895297 
149.734333 
121.066133 
157.840829 
150.716369 
139.442260 
153.310461 
137.413387 
146.777720 
146.851980 
1500.874536 
1504.574172 
1498.030328 
1493.061463 
1510.507185 
1488.838997 
1508.047306 
1508.814977 
1508.729567 
1273.769757 
1275.818629 
1270.206618 
1265.878408 
1281.519762 
1263.770044 
1280.229725 
1280.051070 
1280.739369 
1069.190418 
1070.095823 
1065.138938 
1061.003932 
1076.116185 
1060.506093 
1075.535280 
1074.145767 
1075.705313 
883.083377 
883.174494 
878.699838 
874.428040 
889.906608 
875.201144 
889.727827 
886.909121 
889.447632 
712.393279 
711.894998 
707.794439 
703.118729 
719.644566 
704.921766 
719.651471 
715.199198 
718.838273 
554.760992 
553.834581 
550.042592 
544.729660 
562.858980 
547.383232 
562.890791 
556.599497 
561.475137 
408.327567 
407.094191 
403.574656 
397.408698 
417.624147 
400.773113 
417.555496 
409.211449 
415.473549 
271.602454 
270.157341 
266.895381 
259.668565 
282.409642 
263.630302 
282.138346 
271.516079 
279.327667 
143.372328 
141.793605 
138.790338 
130.297007 
155.978816 
134.760071 
155.418237 
142.278928 
151.815425 
