39284278306 
1.65346 1.65777 1.66158 1.66445 1.66476 1.66185 1.6624 1.6604 1.66193 1.66261 1.66089 1.65868 1.65961 1.66072 1.66038 1.65926 1.65673 1.65727 1.6569 1.65631 1.65705 1.65828 1.65769 1.65927 1.66195 1.6613 1.66009 1.66079 1.65912 1.65964 1.65892 1.65803 1.65964 1.66105 1.65886 1.6564 1.6559 1.65459 1.65459 1.65395 1.65505 1.65404 1.65501 1.65667 1.65733 1.65571 1.65383 1.65182 1.65123 1.65158 
1493.952877 
1493.990968 
1508.138835 
1514.917720 
1496.679681 
1500.867586 
1503.563831 
1506.272773 
1508.556267 
1498.327704 
1506.182525 
1504.643547 
1500.275634 
1495.972518 
1499.137437 
1487.916295 
1505.849570 
1496.792643 
1489.587372 
1504.257732 
1491.667731 
1491.242666 
1482.469083 
1502.419050 
1490.930163 
1523.292036 
1485.263211 
1505.092217 
1493.438553 
1514.387212 
1498.006075 
1501.615551 
1479.200247 
1503.836831 
1512.919593 
1507.678774 
1496.136093 
1495.764214 
1493.866938 
1502.633403 
1491.592789 
1469.676290 
1498.946258 
1512.330107 
1522.894210 
1481.885892 
1501.222567 
1503.279068 
1504.128278 
1485.442942 
1454.797174 
1455.944149 
1467.838571 
1473.311013 
1459.183821 
1461.949829 
1464.359542 
1466.739914 
1468.299143 
1460.443397 
1466.207938 
1464.968810 
1461.132944 
1457.459226 
1459.319492 
1451.043856 
1464.597001 
1457.717775 
1452.116365 
1463.024257 
1453.358643 
1452.231705 
1445.960409 
1461.463825 
1454.394843 
1478.665166 
1450.139623 
1464.240341 
1456.358641 
1472.136404 
1459.771404 
1461.150954 
1444.232048 
1463.595812 
1471.659589 
1467.373355 
1457.727364 
1456.719254 
1455.314484 
1461.639728 
1452.224006 
1435.462675 
1458.896407 
1471.334866 
1478.957521 
1447.150829 
1461.040590 
1463.227889 
1463.242773 
1448.564764 
1416.533043 
1418.381682 
1428.484862 
1432.997310 
1422.011880 
1423.803839 
1425.924679 
1428.002201 
1429.060598 
1422.970310 
1427.187682 
1426.135232 
1422.753809 
1419.566362 
1420.529068 
1414.362948 
1424.650767 
1419.377970 
1414.978136 
1423.100177 
1415.592826 
1414.110912 
1409.637449 
1421.861207 
1417.812894 
1436.198737 
1414.666924 
1424.724682 
1419.429757 
1431.399227 
1421.951797 
1421.925287 
1409.066136 
1424.418949 
1431.509287 
1427.988732 
1419.861443 
1418.449539 
1417.329760 
1421.833091 
1413.806001 
1400.941299 
1419.899546 
1431.260703 
1436.842311 
1411.984288 
1421.931411 
1424.014919 
1423.516668 
1411.900589 
1379.069957 
1381.348254 
1390.018886 
1393.821819 
1385.255547 
1386.383724 
1388.229962 
1390.033311 
1390.744058 
1385.976461 
1389.041232 
1388.102996 
1385.108192 
1382.305013 
1382.651565 
1378.002102 
1385.837149 
1381.755025 
1378.260852 
1384.309898 
1378.412162 
1376.793271 
1373.621971 
1383.401258 
1381.409051 
1395.483814 
1379.136587 
1386.328489 
1382.806725 
1391.947026 
1384.638860 
1383.754491 
1373.915788 
1386.188989 
1392.379606 
1389.469391 
1382.566443 
1380.908939 
1379.943822 
1383.085419 
1376.240097 
1366.338525 
1381.830544 
1392.092549 
1396.249883 
1376.678915 
1383.758491 
1385.616506 
1384.814898 
1375.560965 
1342.341465 
1344.869462 
1352.388420 
1355.664338 
1348.974179 
1349.653461 
1351.247434 
1352.805447 
1353.273974 
1349.504037 
1351.704769 
1350.834712 
1348.168550 
1345.675701 
1345.601362 
1342.045861 
1348.024521 
1344.828691 
1342.021205 
1346.520837 
1341.836559 
1340.214734 
1337.994074 
1345.932344 
1345.329863 
1356.222926 
1343.745971 
1348.898279 
1346.589240 
1353.610017 
1347.885123 
1346.505764 
1338.930166 
1348.817474 
1354.193388 
1351.766843 
1345.856870 
1344.061042 
1343.170697 
1345.293979 
1339.451884 
1331.816164 
1344.597729 
1353.801040 
1356.958277 
1341.438875 
1346.423529 
1348.002551 
1347.033898 
1339.619269 
1306.297348 
1308.957817 
1315.546959 
1318.429908 
1313.204649 
1313.583523 
1314.950547 
1316.290648 
1316.589826 
1313.577366 
1315.126409 
1314.295587 
1311.909211 
1309.672188 
1309.312873 
1306.548426 
1311.111367 
1308.577746 
1306.293976 
1309.631018 
1305.871776 
1304.326582 
1302.805335 
1309.342774 
1309.669162 
1318.196610 
1308.627888 
1312.323257 
1310.839838 
1316.259747 
1311.717640 
1310.081389 
1304.213190 
1312.235996 
1316.883766 
1314.838138 
1309.737759 
1307.875850 
1307.013111 
1308.375363 
1303.383885 
1297.489711 
1308.132118 
1316.349933 
1318.799888 
1306.406149 
1309.853915 
1311.140477 
1310.092531 
1304.123021 
1270.898401 
1273.616867 
1279.452929 
1282.042205 
1277.968156 
1278.148717 
1279.314168 
1280.461544 
1280.641989 
1278.208416 
1279.262931 
1278.453374 
1276.306007 
1274.283976 
1273.734524 
1271.543007 
1275.017922 
1272.980678 
1271.098667 
1273.560477 
1270.514549 
1269.090441 
1268.087690 
1273.548493 
1274.485156 
1281.240509 
1273.870644 
1276.521648 
1275.595910 
1279.797119 
1276.146917 
1274.407869 
1269.836636 
1276.390290 
1280.392622 
1278.644812 
1274.207564 
1272.327654 
1271.466357 
1272.261003 
1267.990565 
1263.441196 
1272.380275 
1279.700501 
1281.646027 
1271.678754 
1273.994445 
1274.997493 
1273.925854 
1269.101676 
1236.112966 
1238.844051 
1244.068998 
1246.438836 
1243.274973 
1243.326787 
1244.314518 
1245.291772 
1245.388863 
1243.400619 
1244.077514 
1243.278215 
1241.336043 
1239.497961 
1238.824661 
1237.048261 
1239.680310 
1238.016137 
1236.444130 
1238.245271 
1235.755951 
1234.475008 
1233.859483 
1238.484752 
1239.811938 
1245.229571 
1239.531712 
1241.431580 
1240.877808 
1244.144153 
1241.172792 
1239.428566 
1235.849302 
1241.236205 
1244.669218 
1243.152104 
1239.260196 
1237.393678 
1236.520928 
1236.893823 
1233.234901 
1229.728316 
1237.299548 
1243.814055 
1245.396185 
1237.323458 
1238.801830 
1239.541815 
1238.480787 
1234.572015 
1201.914605 
1204.632678 
1209.361486 
1211.567944 
1209.127765 
1209.097527 
1209.929101 
1210.756168 
1210.794857 
1209.151539 
1209.538157 
1208.742440 
1206.977558 
1205.299523 
1204.548752 
1203.072762 
1205.046393 
1203.663213 
1202.331821 
1203.633255 
1201.583601 
1200.453893 
1200.129623 
1204.100446 
1205.667296 
1210.067054 
1205.647131 
1207.004951 
1206.694338 
1209.238257 
1206.788331 
1205.098701 
1202.283480 
1206.736941 
1209.669023 
1208.328362 
1204.886464 
1203.053209 
1202.164298 
1202.225703 
1199.086017 
1196.390974 
1202.854868 
1208.653332 
1209.970487 
1203.384729 
1204.241021 
1204.743269 
1203.713067 
1200.541918 
1168.280545 
1170.973304 
1175.299862 
1177.385745 
1175.523936 
1175.442203 
1176.136621 
1176.830847 
1176.828963 
1175.454748 
1175.616563 
1174.820353 
1173.209826 
1171.673259 
1170.877458 
1169.618110 
1171.072803 
1169.901606 
1168.758094 
1169.681081 
1167.983112 
1167.004188 
1166.900460 
1170.354227 
1172.058026 
1175.676814 
1172.238003 
1173.203291 
1173.046504 
1175.028193 
1172.982394 
1171.381920 
1169.159549 
1172.861131 
1175.352712 
1174.144584 
1171.075100 
1169.287041 
1168.382135 
1168.215569 
1165.517536 
1163.456002 
1169.016589 
1174.183187 
1175.304345 
1169.891056 
1170.282752 
1170.573545 
1169.585093 
1167.013011 
1135.190626 
1137.854707 
1141.856315 
1143.854721 
1142.457281 
1142.343188 
1142.916898 
1143.493194 
1143.463727 
1142.301145 
1142.287340 
1141.488030 
1140.013084 
1138.603456 
1137.785298 
1136.681112 
1137.722806 
1136.711726 
1135.715820 
1136.352047 
1134.939042 
1134.105505 
1134.169785 
1137.211813 
1138.983568 
1141.997850 
1139.315014 
1139.994954 
1139.930069 
1141.471228 
1139.741337 
1138.247922 
1136.489272 
1139.581499 
1141.685337 
1140.574054 
1137.813498 
1136.077114 
1135.159118 
1134.827929 
1132.506434 
1130.940588 
1135.759007 
1140.370876 
1141.344638 
1136.859470 
1136.901883 
1137.006242 
1136.064369 
1133.982541 
1102.626593 
1105.264558 
1109.005398 
1110.942282 
1109.919163 
1109.783725 
1110.250791 
1110.721825 
1110.674511 
1109.679895 
1109.527421 
1108.723132 
1107.368471 
1106.074412 
1105.249705 
1104.255318 
1104.964752 
1104.074744 
1103.195541 
1103.614544 
1102.435513 
1101.739341 
1101.932242 
1104.644117 
1106.438494 
1108.980417 
1106.881588 
1107.353191 
1107.337323 
1108.531085 
1107.050138 
1105.670824 
1104.278172 
1106.873915 
1108.635641 
1107.592044 
1105.088241 
1103.406291 
1102.479497 
1102.031761 
1100.032224 
1098.854796 
1103.059351 
1107.186099 
1108.046952 
1104.298768 
1104.076272 
1104.016797 
1103.122375 
1101.444708 
1070.571618 
1073.189905 
1076.723721 
1078.619766 
1077.899349 
1077.747770 
1078.120127 
1078.496513 
1078.438944 
1077.579088 
1077.315642 
1076.504729 
1075.257984 
1074.070643 
1073.250370 
1072.332097 
1072.770935 
1071.972610 
1071.186287 
1071.440918 
1070.456611 
1069.888638 
1070.180314 
1072.625933 
1074.414223 
1076.583232 
1074.936113 
1075.254834 
1075.258299 
1076.176464 
1074.893130 
1073.628003 
1072.527245 
1074.716714 
1076.175486 
1075.175573 
1072.885477 
1071.258203 
1070.327454 
1069.799644 
1068.076388 
1067.203408 
1070.897080 
1074.600915 
1075.373569 
1072.211846 
1071.786012 
1071.582372 
1070.733744 
1069.391617 
1039.009963 
1041.617503 
1044.989696 
1046.861684 
1046.386612 
1046.219893 
1046.507634 
1046.798113 
1046.736523 
1045.986211 
1045.632428 
1044.813157 
1043.664430 
1042.577017 
1041.768767 
1040.901410 
1041.116755 
1040.388055 
1039.676164 
1039.806631 
1038.986640 
1038.537495 
1038.905030 
1041.134999 
1042.900202 
1044.771449 
1043.473502 
1043.679387 
1043.681609 
1044.379959 
1043.254484 
1042.099295 
1041.234228 
1043.090215 
1044.279386 
1043.303203 
1041.191193 
1039.617158 
1038.687354 
1038.107093 
1036.621960 
1035.987295 
1039.253387 
1042.589587 
1043.291989 
1040.597384 
1040.012902 
1039.681708 
1038.875641 
1037.813962 
1007.926766 
1010.534050 
1013.783323 
1015.645147 
1015.369158 
1015.185207 
1015.396882 
1015.608479 
1015.548303 
1014.888481 
1014.459548 
1013.629883 
1012.571383 
1011.578835 
1010.787816 
1009.952348 
1009.980084 
1009.304574 
1008.652761 
1008.689640 
1008.010275 
1007.670959 
1008.096463 
1010.151337 
1011.884711 
1013.515179 
1012.486304 
1012.608386 
1012.595030 
1013.117259 
1012.118513 
1011.066413 
1010.394510 
1011.976362 
1012.924122 
1011.954865 
1009.991409 
1008.468073 
1007.543901 
1006.932036 
1005.653240 
1005.204439 
1008.110857 
1011.128398 
1011.773841 
1009.451072 
1008.740085 
1008.294981 
1007.527299 
1006.701517 
977.307878 
979.926351 
983.085999 
984.949419 
984.834929 
984.629322 
984.772237 
984.910386 
984.856670 
984.273084 
983.779941 
982.937386 
981.963145 
981.061885 
980.291629 
979.473520 
979.340795 
978.706405 
978.103451 
978.069926 
977.512658 
977.274889 
977.744090 
979.656765 
981.355428 
982.788403 
981.965487 
982.024964 
981.985899 
982.366554 
981.469866 
980.512542 
980.001819 
981.358468 
982.088421 
981.111717 
979.272318 
977.796429 
976.882237 
976.254400 
975.155575 
974.850692 
977.453211 
980.195463 
980.794054 
978.766502 
977.951796 
977.403659 
976.669674 
976.043495 
947.139753 
949.781427 
952.880370 
954.755579 
954.771823 
954.538303 
954.618811 
954.687446 
954.645158 
954.127337 
953.577564 
952.719054 
951.824709 
951.012462 
950.265332 
949.453325 
949.180400 
948.578507 
948.015595 
947.929135 
947.479447 
947.335853 
947.837041 
949.634549 
951.299808 
952.568159 
951.900995 
951.913533 
951.841386 
952.108083 
951.293646 
950.422036 
950.048719 
951.221010 
951.752696 
950.756008 
949.020379 
947.588238 
946.687998 
946.055788 
945.115204 
944.920349 
947.265126 
949.770550 
950.330240 
948.535824 
947.633177 
946.990373 
946.285166 
945.828799 
917.409376 
920.086598 
923.150193 
925.046246 
925.167849 
924.898644 
924.922429 
924.924042 
924.898309 
924.438808 
923.837287 
922.959097 
922.141722 
921.417387 
920.694921 
919.880143 
919.481763 
918.906525 
918.376690 
918.250302 
917.896835 
917.841066 
918.364284 
920.069136 
921.705347 
922.833935 
922.282144 
922.259567 
922.148682 
922.323790 
921.575472 
920.780204 
920.526984 
921.549494 
921.898822 
920.870977 
919.222391 
917.830014 
916.947351 
916.319213 
915.519149 
915.406576 
917.532101 
919.834906 
920.362223 
918.750222 
917.770154 
917.038802 
916.357411 
916.046208 
888.104198 
890.829524 
893.880219 
895.805368 
896.011239 
895.697235 
895.669588 
895.605254 
895.601561 
895.195395 
894.544799 
893.642461 
892.900453 
892.264004 
891.567163 
890.742479 
890.228884 
889.676769 
889.174465 
889.017640 
888.751554 
888.778332 
889.314749 
890.945967 
892.559755 
893.567211 
893.097901 
893.049444 
892.895119 
892.997065 
892.301516 
891.573140 
891.427876 
892.330333 
892.509955 
891.440748 
889.865535 
888.508752 
887.647004 
887.028893 
886.355129 
886.301734 
888.240352 
890.371110 
890.871668 
889.400267 
888.349339 
887.533565 
886.871117 
886.684514 
859.212099 
861.998246 
865.056101 
867.018048 
867.290522 
866.921336 
866.847439 
866.716794 
866.741161 
866.385380 
865.686529 
864.754756 
864.087756 
863.540173 
862.869504 
862.029049 
861.406721 
860.876179 
860.396954 
860.216367 
860.030870 
860.136012 
860.677420 
862.251319 
863.851078 
864.751104 
864.337074 
864.270330 
864.068245 
864.112537 
863.458508 
862.787606 
862.742347 
863.550765 
863.570381 
862.450246 
860.937406 
859.611906 
858.774207 
858.170075 
857.611494 
857.597624 
859.376733 
861.362931 
861.841804 
860.476171 
859.357963 
858.460128 
857.811928 
857.732611 
830.721345 
833.581198 
836.664301 
838.670407 
838.994582 
838.558552 
838.443758 
838.244945 
838.304083 
837.997464 
837.249594 
836.282191 
835.691047 
835.234268 
834.590012 
833.728854 
833.001051 
832.492307 
832.032535 
831.832569 
831.722561 
831.902995 
832.441392 
833.972191 
835.567777 
836.370099 
835.988451 
835.910106 
835.655875 
835.655914 
835.033740 
834.410932 
834.461196 
835.198783 
835.065380 
833.885120 
832.426034 
831.127366 
830.316751 
829.728895 
829.277190 
829.285667 
830.928672 
832.795208 
833.257196 
831.967973 
830.783820 
829.804725 
829.166321 
829.179567 
802.620568 
805.567223 
808.692016 
810.749470 
811.112695 
810.596798 
810.446928 
810.176504 
810.277976 
810.020793 
809.221737 
808.211515 
807.698268 
807.335155 
806.717316 
805.831225 
804.998345 
804.513286 
804.069965 
803.853092 
803.814904 
804.068681 
804.595911 
806.096213 
807.698774 
808.409839 
808.040888 
807.957301 
807.646110 
807.613856 
807.015048 
806.430941 
806.575179 
807.263086 
806.981123 
805.731670 
804.319894 
803.043441 
802.262950 
801.692258 
801.341713 
801.357043 
802.884124 
804.653748 
805.103571 
803.865678 
802.615229 
801.554282 
800.921514 
801.014670 
774.898734 
777.945573 
781.127115 
783.243068 
783.634554 
783.024275 
782.845935 
782.498721 
782.651109 
782.444967 
781.591292 
780.529957 
780.097868 
779.832187 
779.240562 
778.325851 
777.385673 
776.927811 
776.498390 
776.265446 
776.296645 
776.622964 
777.130395 
778.611570 
780.233492 
780.856953 
780.483369 
780.401056 
780.027345 
779.973873 
779.390800 
778.835884 
779.075093 
779.733034 
779.304573 
777.976787 
776.607915 
775.348834 
774.601638 
774.047737 
773.795098 
773.802788 
775.231522 
776.925226 
777.367678 
776.159347 
774.840999 
773.696354 
773.065403 
773.227458 
747.545122 
750.705912 
753.958077 
756.139765 
756.550291 
755.829426 
755.630352 
755.199248 
755.412328 
755.260047 
754.347140 
753.225179 
752.878774 
752.715187 
752.149377 
751.202808 
750.150620 
749.725120 
749.307352 
749.057736 
749.156978 
749.556225 
750.034450 
751.506939 
753.161868 
753.698925 
753.305035 
753.231097 
752.788262 
752.724248 
752.149879 
751.614391 
751.951837 
752.598614 
752.023405 
750.607890 
749.279483 
748.032621 
747.322150 
746.783488 
746.627895 
746.613873 
747.959747 
749.597107 
750.037171 
748.839170 
747.450399 
746.219066 
745.586495 
745.807744 
720.549303 
723.838311 
727.173938 
729.428787 
729.850489 
729.000909 
728.790342 
728.266086 
728.551022 
728.456563 
727.478679 
726.285222 
726.030372 
725.974431 
725.433829 
724.452568 
723.281202 
722.894977 
722.486797 
722.218589 
722.385523 
722.859325 
723.297867 
724.771437 
726.474373 
726.923987 
726.495205 
726.437712 
725.917815 
725.853971 
725.281659 
724.755423 
725.196457 
725.850420 
725.125937 
723.612874 
722.324444 
721.084229 
720.414312 
719.888170 
719.831163 
719.781249 
721.058095 
722.657574 
723.100520 
721.895509 
720.433143 
719.111064 
718.473864 
718.745626 
693.901115 
697.333246 
700.764245 
703.099967 
703.526198 
702.527551 
702.316663 
701.687528 
702.057095 
702.025505 
700.975799 
699.698465 
699.542486 
699.600643 
699.084398 
698.066016 
696.765804 
696.427657 
696.027063 
695.737100 
695.972295 
696.523602 
696.910620 
698.394572 
700.162013 
700.521031 
700.043376 
700.011748 
699.405209 
699.352685 
698.775990 
698.248227 
698.800174 
699.479628 
698.601067 
696.980059 
695.733105 
694.493409 
693.868430 
693.350877 
693.396466 
693.295885 
694.516247 
696.095463 
696.546936 
695.318928 
693.779362 
692.361467 
691.717109 
692.031496 
667.590645 
671.181595 
674.719012 
677.143695 
677.568937 
676.398301 
676.200675 
675.452107 
675.920936 
675.958322 
674.828853 
673.453574 
673.405361 
673.584971 
673.091945 
672.034458 
670.593115 
670.313938 
669.918879 
669.602786 
669.907685 
670.540871 
670.862854 
672.366208 
674.216341 
674.479534 
673.939217 
673.944602 
673.239867 
673.210651 
672.623179 
672.082306 
672.754406 
673.477988 
672.438221 
670.698136 
669.496236 
668.250213 
667.675285 
667.161075 
667.315879 
667.148788 
668.324251 
669.900209 
670.366306 
669.100209 
667.479595 
665.959822 
665.306317 
665.656046 
641.608207 
645.374632 
649.028679 
651.550874 
651.970717 
650.602190 
650.434358 
649.548543 
650.133404 
650.246921 
649.028640 
647.539461 
647.609648 
647.918985 
647.447687 
646.349629 
644.752061 
644.545092 
644.153359 
643.805537 
644.182431 
644.903430 
645.144869 
646.676520 
648.629457 
648.789497 
648.172550 
648.228230 
647.411399 
647.418711 
646.813974 
646.247374 
647.050781 
647.837806 
646.627301 
644.756128 
643.605072 
642.344965 
641.826120 
641.308541 
641.581985 
641.331012 
642.472495 
644.061798 
644.549149 
643.230359 
641.524773 
639.896070 
639.232036 
639.610266 
615.944314 
619.904024 
623.684076 
626.312882 
626.724042 
625.128269 
625.010338 
623.965680 
624.685809 
624.883659 
623.566389 
621.945240 
622.146389 
622.594662 
622.143166 
621.003704 
619.231753 
619.112878 
618.721987 
618.335576 
618.787597 
619.604065 
619.747104 
621.315964 
623.394021 
623.441396 
622.733332 
622.855157 
621.909564 
621.968269 
621.339545 
620.733329 
621.681144 
622.551949 
621.158645 
619.143338 
618.051322 
616.768231 
616.312645 
615.783305 
616.187900 
615.833660 
616.951694 
618.570720 
619.086571 
617.700613 
615.906204 
614.160505 
613.485250 
613.885443 
590.589660 
594.761833 
598.676386 
601.421536 
601.821931 
599.965555 
599.921912 
598.692434 
599.569901 
599.861338 
598.433740 
596.660182 
597.007011 
597.604375 
597.170222 
595.989311 
594.021423 
594.009551 
593.616611 
593.183426 
593.714543 
594.636060 
594.660111 
596.275244 
598.503252 
598.426133 
597.611619 
597.818489 
596.724222 
596.851270 
596.191478 
595.530211 
596.637560 
597.613836 
596.022983 
593.849306 
592.827173 
591.510791 
591.127033 
590.575595 
591.127277 
590.647873 
591.752867 
593.417933 
593.970232 
592.502423 
590.615572 
588.743742 
588.057357 
588.473161 
565.535093 
569.940511 
573.997115 
576.869062 
577.257936 
575.102962 
575.163094 
573.717724 
574.777863 
575.173197 
573.622736 
571.673674 
572.183310 
572.940887 
572.520968 
571.299540 
569.110363 
569.227853 
568.829434 
568.339873 
568.954909 
569.993212 
569.874530 
571.545277 
573.950945 
573.735001 
572.797540 
573.111943 
571.845290 
572.060191 
571.361755 
570.628174 
571.912314 
573.017443 
571.211408 
568.863768 
567.925302 
566.563602 
566.261929 
565.675777 
566.394341 
565.764817 
566.867330 
568.594827 
569.192318 
567.627449 
565.644922 
563.636681 
562.940153 
563.365297 
540.771587 
545.432907 
549.638056 
552.648064 
553.026161 
550.529235 
550.728657 
549.030406 
550.302304 
550.812911 
549.125814 
546.975169 
547.667453 
548.597343 
548.187761 
546.927967 
544.487868 
544.761031 
544.352998 
543.795935 
544.500582 
545.669848 
545.381063 
547.117162 
549.731482 
549.359648 
548.281249 
548.729874 
547.262684 
547.588038 
546.842752 
546.017449 
547.497905 
548.757310 
546.715337 
544.176606 
543.338893 
541.917765 
541.710452 
541.074296 
541.983904 
541.175661 
542.286679 
544.093191 
544.745524 
543.067545 
540.986660 
538.830479 
538.125815 
538.554019 
516.290217 
521.232269 
525.591262 
528.751493 
529.121294 
526.232861 
526.614196 
524.619203 
526.136259 
526.774581 
524.935797 
522.554144 
523.451967 
524.567266 
524.163170 
522.868670 
520.143166 
520.602844 
520.180178 
519.542831 
520.343676 
521.660845 
521.170441 
522.982153 
525.839847 
525.292045 
524.052890 
524.667308 
522.966267 
523.428344 
522.627224 
521.688304 
523.387042 
524.828549 
522.526481 
519.777805 
519.061651 
517.564482 
517.466220 
516.761619 
517.891412 
516.871550 
518.002779 
519.905184 
520.623034 
518.814739 
516.633547 
514.316518 
513.606893 
514.031782 
492.082126 
497.332252 
501.849012 
505.172623 
505.538634 
502.201991 
502.816194 
500.472622 
502.273198 
503.052730 
501.045892 
498.400051 
499.529743 
500.844547 
500.439947 
499.116256 
496.065353 
496.747578 
496.304171 
495.571952 
496.476503 
497.961658 
497.233389 
499.131622 
502.271646 
501.524460 
500.102542 
500.919995 
498.945775 
499.575177 
498.708306 
497.631015 
499.572636 
501.226859 
498.636818 
495.657409 
495.087828 
493.495015 
493.523359 
492.728161 
494.112975 
492.843573 
494.007762 
496.023308 
496.818512 
494.861210 
492.578703 
490.086368 
489.376298 
489.791328 
468.138496 
473.726928 
478.403780 
481.905023 
482.274139 
478.424333 
479.332103 
476.578868 
478.707030 
479.642299 
477.449692 
474.502265 
475.894038 
477.423450 
477.010995 
475.665892 
472.243319 
473.190073 
472.718482 
471.874832 
472.891550 
474.568350 
473.560592 
475.557032 
479.023131 
478.049434 
476.420168 
477.484457 
475.190753 
476.023152 
475.079502 
473.835823 
476.047792 
477.948541 
475.038561 
471.805469 
471.412252 
469.700639 
469.876537 
468.964224 
470.645424 
469.082718 
470.294015 
472.440384 
473.326093 
471.199267 
468.815605 
466.131765 
465.427295 
465.825686 
444.450511 
450.410801 
455.248209 
458.942528 
459.324466 
454.887043 
456.160442 
452.925755 
455.432117 
456.538634 
454.141174 
450.850033 
452.538475 
454.298603 
453.869329 
452.513344 
448.665666 
449.925743 
449.416914 
448.443125 
449.581446 
451.477627 
450.142652 
452.249902 
456.091230 
454.859756 
452.995552 
454.358050 
451.690474 
452.767447 
451.734686 
450.292893 
452.805800 
454.990520 
451.724135 
448.211992 
448.030361 
446.172591 
446.520991 
445.459914 
447.486362 
445.579835 
446.854183 
449.149523 
450.140382 
447.821319 
445.338095 
442.444571 
441.753501 
442.128167 
421.009322 
427.378823 
432.375076 
436.279213 
436.687030 
431.576609 
433.300900 
429.500595 
432.443297 
433.737489 
431.114706 
427.432418 
429.457055 
431.465003 
431.008041 
429.655019 
425.320629 
426.950615 
426.393557 
425.268573 
426.538936 
428.686880 
426.970047 
429.201774 
433.473579 
431.948444 
429.818239 
431.539041 
428.433848 
429.803831 
428.668100 
426.992276 
429.840119 
432.350373 
428.686150 
424.866895 
424.938241 
422.902005 
423.452570 
422.205065 
424.634232 
422.325577 
423.681165 
426.144106 
427.256456 
424.719845 
422.140388 
419.016747 
418.348882 
418.692372 
397.806007 
404.626417 
409.777260 
413.909361 
414.360068 
408.478706 
410.754470 
406.290086 
409.735902 
411.235012 
408.365059 
404.238237 
406.644166 
408.918014 
408.420254 
407.088015 
402.195978 
404.261366 
403.642776 
402.342983 
403.756849 
406.194233 
404.033082 
406.404181 
411.168558 
409.308723 
406.877457 
409.026690 
405.409330 
407.128687 
405.874354 
403.923865 
407.144371 
410.026349 
405.917377 
401.759941 
402.132680 
399.879860 
400.667782 
399.189140 
402.088389 
399.310344 
400.768119 
403.417758 
404.669864 
401.887359 
399.217080 
395.840312 
395.207750 
395.512189 
374.831525 
382.149502 
387.447712 
391.827434 
392.342715 
385.578050 
388.523586 
383.280184 
387.305800 
389.027737 
385.887418 
381.256000 
384.094599 
386.653375 
386.099078 
384.810184 
379.278919 
381.855369 
381.159197 
379.658202 
381.228061 
383.998595 
381.321842 
383.848605 
389.175337 
386.934009 
384.162039 
386.821348 
382.604813 
384.739057 
383.348429 
381.077345 
384.712326 
388.017413 
383.410719 
378.880682 
379.611219 
377.096897 
378.163851 
376.401139 
379.849193 
376.524214 
378.108470 
380.964324 
382.376644 
379.316377 
376.563170 
372.907313 
372.324768 
372.581801 
352.076672 
359.944522 
365.379420 
370.028039 
370.635090 
362.858225 
366.612289 
360.455961 
365.149423 
367.112578 
363.677398 
358.473839 
361.803566 
364.667201 
364.037559 
362.820203 
356.555981 
359.730746 
358.937695 
357.206091 
358.945463 
362.099725 
358.826133 
361.526447 
367.493927 
364.817893 
361.660338 
364.924566 
360.007506 
362.632678 
361.085681 
358.442148 
362.537889 
366.323276 
361.159192 
356.218397 
357.372218 
354.543545 
355.938786 
353.829481 
357.918101 
353.956873 
355.695919 
358.777848 
360.373330 
356.999372 
354.174071 
350.209785 
349.694955 
349.895690 
329.532027 
338.008487 
343.565372 
348.505892 
349.238397 
340.301492 
345.026417 
337.801450 
343.263822 
345.486815 
341.731067 
335.879437 
339.766720 
342.955989 
342.228620 
341.117647 
334.012895 
337.886436 
336.973377 
334.978502 
336.901921 
340.498299 
336.535425 
339.428979 
346.125230 
342.954122 
339.360124 
343.339222 
337.603803 
340.808041 
339.081843 
336.007401 
340.615083 
344.944442 
339.155897 
333.762020 
335.414932 
332.209833 
333.991458 
331.461888 
336.297782 
331.597526 
333.524458 
336.852541 
338.656973 
334.928734 
332.045642 
327.739709 
327.313689 
327.448648 
307.187896 
316.339011 
321.998522 
327.255778 
328.155041 
317.888582 
323.773812 
315.299466 
321.646719 
324.148080 
320.044969 
313.459945 
317.980185 
321.516633 
320.665003 
319.703091 
311.634460 
316.322262 
315.261564 
312.967252 
315.090227 
319.195986 
314.438788 
317.547310 
325.071106 
321.336588 
317.248484 
322.069663 
315.379140 
319.264446 
317.333032 
313.761870 
318.938041 
323.882252 
317.393997 
311.500066 
313.739596 
310.085288 
312.321694 
309.285240 
314.992242 
309.434805 
311.588392 
315.182761 
317.225164 
313.096718 
310.174207 
305.488966 
305.176718 
305.235785 
285.034254 
294.934362 
300.671746 
306.272507 
307.388756 
295.598454 
302.864562 
292.931415 
300.296578 
303.094341 
298.616160 
291.201898 
296.440585 
300.346431 
299.339191 
298.578205 
289.404391 
295.039016 
293.797776 
291.164105 
293.503060 
298.195541 
292.524822 
295.872334 
304.334439 
299.959314 
295.311699 
301.121867 
293.317829 
298.002075 
295.835759 
291.693904 
297.500981 
303.138940 
295.866694 
289.420552 
292.347521 
288.158822 
290.930382 
287.285430 
294.006969 
287.456663 
289.882364 
293.762978 
296.076058 
291.495392 
288.556598 
283.449297 
283.280171 
283.252543 
263.060673 
273.793516 
279.577805 
285.550868 
286.944754 
273.408034 
282.311266 
270.677072 
279.212675 
282.323885 
277.442239 
269.091120 
275.145084 
279.443098 
278.243339 
277.745881 
267.305161 
274.038554 
272.577708 
269.560745 
272.132927 
277.500896 
270.781578 
274.394690 
283.919216 
278.816439 
273.535114 
280.503622 
271.402881 
277.022071 
274.586932 
269.791371 
276.298198 
282.717690 
274.567203 
267.510905 
271.241206 
266.418612 
269.819591 
265.447188 
273.349094 
265.650257 
268.401386 
272.587747 
275.208411 
270.116579 
267.190187 
261.612243 
261.620571 
261.494713 
241.256248 
252.916224 
258.709298 
265.085570 
266.829899 
251.291922 
262.129344 
248.514345 
258.395197 
261.835288 
256.521398 
247.112622 
254.091423 
258.804786 
257.369183 
257.210362 
245.317812 
253.323900 
251.597206 
248.148756 
250.972111 
257.117275 
249.196481 
253.104706 
263.830609 
257.902215 
251.902997 
260.224734 
249.615801 
256.326631 
253.583869 
248.041596 
255.324042 
262.622700 
253.488728 
245.757869 
250.424463 
244.851957 
248.992712 
243.753896 
253.027572 
244.001817 
247.140878 
251.651670 
254.621616 
248.951791 
246.072937 
239.969094 
240.194852 
239.958450 
219.609523 
232.303077 
238.058617 
244.871184 
247.052891 
229.222060 
242.337369 
226.419003 
237.845341 
241.627393 
235.852465 
225.250491 
233.277973 
238.430098 
236.707941 
236.977399 
223.421762 
232.899366 
230.852240 
226.919606 
230.012603 
237.051308 
227.756237 
231.992350 
244.075069 
237.210990 
230.398372 
240.297251 
227.936373 
235.919106 
232.824307 
226.431290 
234.572899 
242.859257 
232.624435 
224.147398 
229.902556 
223.445122 
228.454618 
222.187377 
233.053383 
222.496497 
226.096715 
230.949360 
234.315749 
227.992158 
225.203451 
218.510829 
219.000379 
218.640301 
198.108391 
211.955592 
217.617895 
224.902075 
227.624483 
207.167373 
222.957450 
204.364373 
217.565437 
221.699271 
215.434971 
203.487771 
212.703788 
218.318116 
216.250212 
217.054421 
201.594579 
212.770694 
210.338873 
205.864624 
209.246036 
217.311172 
206.446736 
211.047173 
224.660425 
216.737206 
209.002853 
220.735721 
206.342403 
215.804125 
212.306409 
204.946475 
214.039173 
223.433807 
211.967433 
202.664543 
209.682362 
202.183162 
208.211839 
200.727654 
213.439768 
201.118213 
205.265281 
210.475398 
214.291620 
207.228349 
204.581036 
197.228046 
198.034967 
197.537227 
176.740006 
191.876302 
197.378952 
205.172322 
208.557728 
185.093357 
204.015662 
182.321012 
197.559085 
202.050183 
195.269208 
181.806327 
192.368665 
198.468420 
195.985849 
197.450729 
179.811740 
192.945199 
190.053220 
184.974986 
188.663604 
197.906732 
185.252945 
190.258244 
205.596001 
196.475393 
187.696439 
201.557477 
184.809456 
195.987723 
192.028778 
183.572410 
193.717265 
204.354048 
191.510742 
181.293323 
189.772545 
181.049727 
188.272773 
179.352696 
194.202474 
179.849458 
184.643537 
190.224284 
194.550832 
186.650487 
184.205772 
176.110889 
177.296909 
176.646631 
155.490670 
172.068852 
177.333241 
185.675635 
189.868245 
162.961632 
185.542517 
160.256333 
177.831315 
182.679527 
175.356310 
160.186706 
172.273218 
178.881122 
175.903829 
178.177713 
158.046357 
173.431947 
169.991412 
164.241702 
168.255978 
178.849711 
164.158795 
169.614094 
186.892730 
176.420166 
166.457304 
182.782957 
163.310545 
176.477493 
171.990463 
162.293503 
173.601551 
185.629016 
171.247272 
160.016591 
170.183759 
160.026841 
168.647913 
158.038119 
175.360048 
158.671103 
164.229093 
170.190386 
175.095848 
166.248049 
164.078590 
155.148971 
156.785005 
155.966397 
134.345716 
152.538118 
157.471783 
166.405257 
171.574530 
140.729436 
167.573493 
138.134190 
158.388766 
163.586785 
155.698342 
138.607974 
152.418950 
159.556897 
155.992103 
159.249093 
136.268882 
154.241944 
150.149543 
143.655601 
148.013210 
160.153869 
143.147053 
149.102639 
168.563291 
156.566223 
145.261557 
164.436054 
141.815797 
157.282751 
152.190974 
141.093228 
153.686356 
167.269190 
151.169795 
138.815877 
150.928870 
139.094658 
149.350110 
136.756864 
156.934148 
137.562164 
144.020301 
150.367877 
155.930069 
146.009765 
144.201362 
134.331283 
136.498591 
135.494926 
