291074 1475 
1.61745 1.61378 1.61517 1.60861 
1496.483404 
1501.433497 
1512.568356 
1492.439997 
1314.661966 
1317.917663 
1327.145767 
1309.451245 
1147.997818 
1149.678006 
1157.250833 
1141.647089 
994.165189 
994.365730 
1000.480321 
986.698296 
851.335630 
850.134959 
854.948844 
842.773336 
718.045627 
715.508739 
719.150068 
708.406018 
593.105527 
589.286876 
591.861490 
582.404388 
475.535206 
470.480864 
472.077348 
463.786349 
364.517589 
358.266866 
358.960249 
351.733134 
259.364374 
251.951072 
251.805574 
245.554989 
159.490324 
150.943703 
150.014818 
144.665427 
