141275329300 
1.65807 1.65807 1.65867 1.65854 1.66149 1.66346 1.66048 1.65731 1.65705 1.65609 1.65448 1.6568 1.65891 1.66001 1.65793 1.65653 1.65541 1.65568 1.65674 1.65831 1.6595 1.65945 1.65825 1.65663 1.66024 1.66204 1.66044 1.65947 1.65962 1.65941 1.65881 1.65806 1.65991 1.65977 1.65829 1.65478 1.65367 1.65565 1.65541 1.65578 1.65549 1.65329 1.65405 1.65583 1.65895 1.65901 1.65841 1.65781 1.65666 1.65784 
1494.492853 
1509.733827 
1495.464824 
1497.006151 
1492.828755 
1499.356562 
1509.059129 
1502.683620 
1486.447308 
1514.418360 
1500.361831 
1504.397968 
1506.651635 
1505.056529 
1515.389590 
1504.159402 
1493.788796 
1493.342723 
1505.157977 
1509.989589 
1497.561978 
1526.711967 
1475.521096 
1503.538495 
1497.935508 
1491.188240 
1523.189001 
1505.772255 
1499.427011 
1501.381626 
1525.461777 
1473.804187 
1491.168161 
1501.006291 
1487.667619 
1483.813716 
1495.941034 
1496.788759 
1504.164440 
1503.462936 
1490.840348 
1478.992685 
1491.385091 
1505.776875 
1497.814971 
1509.865808 
1489.548237 
1497.221618 
1491.042817 
1491.456367 
1456.122305 
1468.025355 
1457.261489 
1457.838904 
1454.842765 
1460.377452 
1468.165143 
1462.870337 
1450.665542 
1471.970951 
1461.988408 
1464.924237 
1466.902353 
1466.139354 
1473.847831 
1464.663097 
1455.784030 
1455.438037 
1465.139888 
1469.205500 
1460.495124 
1481.389019 
1442.339813 
1462.591502 
1458.965727 
1454.803899 
1479.667367 
1466.721597 
1461.116870 
1463.069229 
1480.262403 
1440.185916 
1452.296475 
1460.073273 
1449.602172 
1446.475068 
1456.166200 
1457.743811 
1463.736753 
1462.856146 
1452.122937 
1442.568376 
1452.677030 
1464.628910 
1459.420897 
1468.061509 
1452.391670 
1457.427985 
1452.685397 
1453.005764 
1418.290197 
1427.686560 
1419.531117 
1419.526647 
1417.393901 
1422.107786 
1428.391514 
1424.005943 
1414.769516 
1431.117602 
1424.052886 
1426.247817 
1427.999205 
1427.779010 
1433.531910 
1425.933787 
1418.316702 
1418.031948 
1426.043692 
1429.532152 
1423.434305 
1438.414172 
1408.365362 
1423.028728 
1420.773110 
1418.426307 
1437.919628 
1428.257908 
1423.373919 
1425.136992 
1437.343618 
1405.956245 
1414.292492 
1420.387138 
1412.104304 
1409.556468 
1417.368801 
1419.356951 
1424.269114 
1423.285445 
1414.135994 
1406.379535 
1414.683074 
1424.705555 
1421.442479 
1427.668780 
1415.459537 
1418.652703 
1414.956818 
1415.241016 
1381.036984 
1388.534562 
1382.335438 
1382.001007 
1380.504864 
1384.537309 
1389.632631 
1386.002544 
1378.964628 
1391.598205 
1386.630039 
1388.325563 
1389.890368 
1390.016478 
1394.303966 
1387.949716 
1381.398182 
1381.150910 
1387.805278 
1390.846257 
1386.592569 
1397.320303 
1373.997139 
1384.623007 
1383.317103 
1382.236804 
1397.657521 
1390.422015 
1386.201124 
1387.689640 
1396.271134 
1371.454538 
1377.071851 
1381.800909 
1375.193240 
1373.105213 
1379.453904 
1381.639823 
1385.698544 
1384.666957 
1376.846947 
1370.510519 
1377.379515 
1385.861095 
1383.972181 
1388.484582 
1378.876923 
1380.784436 
1377.860577 
1378.137760 
1344.382997 
1350.430057 
1345.709352 
1345.209587 
1344.187211 
1347.651749 
1351.801751 
1348.793017 
1343.391832 
1353.221269 
1349.763059 
1351.121769 
1352.532999 
1352.872634 
1356.056078 
1350.686773 
1345.034116 
1344.810150 
1350.369803 
1353.054735 
1350.108220 
1357.769430 
1339.512031 
1347.210910 
1346.562726 
1346.358125 
1358.665835 
1353.232045 
1349.600990 
1350.788939 
1356.726525 
1336.917708 
1340.573511 
1344.198296 
1338.876721 
1337.151522 
1342.348228 
1344.592118 
1347.970476 
1346.930156 
1340.228022 
1335.020576 
1340.743442 
1347.983340 
1347.064560 
1350.358030 
1342.724951 
1343.739582 
1341.392101 
1341.675454 
1308.335264 
1313.265032 
1309.669862 
1309.110839 
1308.444666 
1311.434368 
1314.826908 
1312.324510 
1308.147033 
1315.843580 
1313.474192 
1314.605794 
1315.890705 
1316.354881 
1318.702222 
1314.120038 
1309.225565 
1309.016767 
1313.690007 
1316.085352 
1314.069144 
1319.513846 
1305.101852 
1310.672901 
1310.479353 
1310.872141 
1320.781503 
1316.691629 
1313.573984 
1314.468439 
1318.473349 
1302.510877 
1304.751740 
1307.486312 
1303.154628 
1301.713319 
1305.993819 
1308.205844 
1311.037035 
1310.015141 
1304.254764 
1299.950485 
1304.752870 
1310.984204 
1310.748937 
1313.174812 
1307.054661 
1307.453758 
1305.541835 
1305.835731 
1272.892069 
1276.954196 
1274.222077 
1273.670675 
1273.275453 
1275.867052 
1278.647739 
1276.554134 
1273.294476 
1279.356207 
1277.771833 
1278.750536 
1279.931816 
1280.461664 
1282.172590 
1278.224690 
1273.969989 
1273.771971 
1277.724802 
1279.880492 
1278.529136 
1282.369500 
1270.898986 
1274.919896 
1275.039767 
1275.832135 
1283.879039 
1280.795232 
1278.118025 
1278.743196 
1281.333685 
1268.348553 
1269.570938 
1271.589745 
1268.021521 
1266.799666 
1270.343701 
1272.468178 
1274.855772 
1273.870504 
1268.905084 
1265.327391 
1269.386759 
1274.793152 
1275.037889 
1276.846557 
1271.896446 
1271.876056 
1270.297215 
1270.601466 
1238.046017 
1241.428965 
1239.363252 
1238.860217 
1238.673948 
1240.931048 
1243.213055 
1241.446061 
1238.876059 
1243.674793 
1242.655260 
1243.531460 
1244.628204 
1245.185548 
1246.409542 
1242.976526 
1239.262059 
1239.072727 
1242.438122 
1244.392965 
1243.518933 
1246.197622 
1236.994064 
1239.884111 
1240.219451 
1241.271352 
1247.860311 
1245.531631 
1243.228522 
1243.616218 
1245.171751 
1234.509377 
1235.002283 
1236.447008 
1233.468410 
1232.413232 
1235.358858 
1237.363371 
1239.388712 
1238.451679 
1234.158626 
1231.168351 
1234.624985 
1239.352600 
1239.932958 
1241.303501 
1237.266511 
1236.965139 
1235.643938 
1235.956274 
1203.786092 
1206.633183 
1205.085527 
1204.654295 
1204.631864 
1206.607471 
1208.478949 
1206.969570 
1204.917850 
1208.732771 
1208.117817 
1208.925965 
1209.954468 
1210.515317 
1211.364685 
1208.352236 
1205.094332 
1204.912958 
1207.798001 
1209.583163 
1209.053700 
1210.891932 
1203.448250 
1205.512783 
1205.996051 
1207.208976 
1212.647304 
1210.886191 
1208.898669 
1209.082741 
1209.882373 
1201.046444 
1201.021543 
1202.007024 
1199.484005 
1198.552091 
1201.006127 
1202.874032 
1204.601620 
1203.719648 
1199.996362 
1197.482936 
1200.448293 
1204.614644 
1205.428502 
1206.489406 
1203.171307 
1202.686573 
1201.566773 
1201.884249 
1170.099063 
1172.520057 
1171.377782 
1171.030434 
1171.139100 
1172.877641 
1174.407351 
1173.097710 
1171.434691 
1174.476589 
1174.149058 
1174.912967 
1175.887357 
1176.437418 
1176.996747 
1174.329537 
1171.457789 
1171.284427 
1173.775827 
1175.417103 
1175.138123 
1176.369689 
1170.301825 
1171.763831 
1172.348974 
1173.654341 
1178.176943 
1176.842349 
1175.119832 
1175.133081 
1175.382818 
1167.994595 
1167.607658 
1168.226879 
1166.055586 
1165.211023 
1167.256718 
1168.981978 
1170.463429 
1169.639932 
1166.400328 
1164.275168 
1166.838247 
1170.538729 
1171.514299 
1172.357986 
1169.610615 
1169.010971 
1168.050090 
1168.369848 
1136.970415 
1139.049943 
1138.226893 
1137.968174 
1138.184360 
1139.723301 
1140.964891 
1139.806379 
1138.433452 
1140.862316 
1140.736186 
1141.472632 
1142.405375 
1142.936942 
1143.270013 
1140.887215 
1138.342269 
1138.177393 
1140.345766 
1141.865061 
1141.769908 
1142.565359 
1137.580222 
1138.602846 
1139.259084 
1140.609901 
1144.397379 
1143.382578 
1141.881940 
1141.754537 
1141.606950 
1135.375580 
1134.741807 
1135.070044 
1133.169614 
1132.382479 
1134.085163 
1135.668801 
1136.945782 
1136.181792 
1133.353444 
1131.544957 
1133.777172 
1137.089942 
1138.177313 
1138.870392 
1136.579678 
1135.912713 
1135.078190 
1135.397846 
1104.384994 
1106.188721 
1105.618592 
1105.448598 
1105.755598 
1107.126764 
1108.122024 
1107.073675 
1105.915358 
1107.853225 
1107.865021 
1108.586183 
1109.488483 
1109.998299 
1110.153165 
1108.005118 
1105.736808 
1105.581101 
1107.484290 
1108.900618 
1108.942163 
1109.426118 
1105.298300 
1106.000990 
1106.708475 
1108.073341 
1111.265282 
1110.489016 
1109.173858 
1108.932656 
1108.501030 
1103.201751 
1102.406798 
1102.505025 
1100.812159 
1100.057280 
1101.468560 
1102.916238 
1104.022665 
1103.317600 
1100.839402 
1099.289171 
1101.248107 
1104.237781 
1105.402878 
1105.993412 
1104.070693 
1103.369040 
1102.635518 
1102.953339 
1072.327427 
1073.906607 
1073.538044 
1073.454012 
1073.840344 
1075.070994 
1075.852344 
1074.879444 
1073.877655 
1075.418045 
1075.520656 
1076.235773 
1077.117891 
1077.605674 
1077.618408 
1075.664118 
1073.629909 
1073.484135 
1075.169812 
1076.499974 
1076.645048 
1076.908628 
1073.463381 
1073.933508 
1074.680294 
1076.039072 
1078.743867 
1078.143863 
1076.983696 
1076.652080 
1076.020669 
1071.478706 
1070.586670 
1070.504341 
1068.969191 
1068.225138 
1069.386037 
1070.706410 
1071.670100 
1071.022341 
1068.842585 
1067.502448 
1069.234763 
1071.955231 
1073.175508 
1073.698170 
1072.073862 
1071.359413 
1070.706801 
1071.021753 
1040.782413 
1042.177259 
1041.970236 
1041.967719 
1042.425944 
1043.539654 
1044.132041 
1043.204950 
1042.314810 
1043.529698 
1043.687884 
1044.404393 
1045.275902 
1045.743337 
1045.640809 
1043.846064 
1042.009754 
1041.874690 
1043.382392 
1044.641443 
1044.866903 
1044.976713 
1042.077428 
1042.378686 
1043.158616 
1044.499311 
1046.801434 
1046.329635 
1045.299081 
1044.897098 
1044.128608 
1040.207193 
1039.266431 
1039.043731 
1037.626787 
1036.875036 
1037.818346 
1039.021971 
1039.865897 
1039.273212 
1037.348013 
1036.177799 
1037.721485 
1040.218082 
1041.479427 
1041.959188 
1040.578120 
1039.865051 
1039.277124 
1039.588872 
1009.734901 
1010.977110 
1010.900242 
1010.973857 
1011.499726 
1012.517130 
1012.939479 
1012.032637 
1011.219377 
1012.164376 
1012.351486 
1013.075800 
1013.945788 
1014.395845 
1014.197791 
1012.533721 
1010.864362 
1010.740772 
1012.103502 
1013.305094 
1013.595018 
1013.599664 
1011.138599 
1011.317097 
1012.128334 
1013.444841 
1015.410282 
1015.029310 
1014.107368 
1013.652010 
1012.793074 
1009.384498 
1008.431881 
1008.101550 
1006.771268 
1005.995509 
1006.747577 
1007.846198 
1008.589445 
1008.049298 
1006.341309 
1005.307066 
1006.693214 
1009.004405 
1010.298928 
1010.753689 
1009.571653 
1008.868603 
1008.331977 
1008.640856 
979.170216 
980.284857 
980.313391 
980.457282 
981.049131 
981.988532 
982.254851 
981.345945 
980.582626 
981.300855 
981.496414 
982.234464 
983.111699 
983.548178 
983.268736 
981.710715 
980.181719 
980.070343 
981.315836 
982.472470 
982.816167 
982.751002 
980.642381 
980.731064 
981.575088 
982.865565 
984.545893 
984.226415 
983.395812 
982.901367 
981.986577 
979.005437 
978.069501 
977.658300 
976.389293 
975.574854 
976.156930 
977.163042 
977.821528 
977.331312 
975.808669 
974.881267 
976.135459 
978.294161 
979.618608 
980.061082 
979.042256 
978.353901 
977.857275 
978.164264 
949.074128 
950.081071 
950.195377 
950.403479 
951.061797 
951.939693 
952.059909 
951.129173 
950.395005 
950.919990 
951.107904 
951.865524 
952.758588 
953.185820 
952.834676 
951.361475 
949.949868 
949.851429 
951.003158 
952.126379 
952.516964 
952.407563 
950.582401 
950.604263 
951.485202 
952.750896 
954.186314 
953.905072 
953.151702 
952.630110 
951.684998 
949.063092 
948.166370 
947.696265 
946.467920 
945.601278 
946.030554 
946.957144 
947.544182 
947.101385 
945.736840 
944.890860 
946.034265 
948.068886 
949.423511 
949.862571 
948.977589 
948.305783 
947.839370 
948.146067 
919.432894 
920.347895 
920.532333 
920.798492 
921.525625 
922.357154 
922.337744 
921.367374 
920.646466 
921.004342 
921.171544 
921.954751 
922.872144 
923.294814 
922.878049 
921.471175 
920.156986 
920.072204 
921.150177 
922.250728 
922.684109 
922.548816 
920.951024 
920.921440 
921.845629 
923.090042 
924.311686 
924.050008 
923.362467 
922.823666 
921.866909 
919.549338 
918.710114 
918.199223 
916.994643 
916.063007 
916.353408 
917.213847 
917.740554 
917.342888 
916.113106 
915.325932 
916.376194 
918.311454 
919.699227 
920.140862 
919.365348 
918.709953 
918.265043 
918.573657 
890.233280 
891.068803 
891.310868 
891.628867 
892.428819 
893.228151 
893.072608 
892.046261 
891.326717 
891.537886 
891.673305 
892.488514 
893.438745 
893.861785 
893.382504 
892.025693 
890.791431 
890.721041 
891.742445 
892.830394 
893.304543 
893.156353 
891.739784 
891.668189 
892.643920 
893.872209 
894.903872 
894.646548 
894.015750 
893.467990 
892.513064 
890.455234 
889.688872 
889.152221 
887.957415 
886.948367 
887.111162 
887.919189 
888.394796 
888.040285 
886.925274 
886.176351 
887.148296 
889.005887 
890.431935 
890.879930 
890.193386 
889.552883 
889.121494 
889.434859 
861.462564 
862.228414 
862.518090 
862.881607 
863.759915 
864.540591 
864.249768 
863.152139 
862.425394 
862.505798 
862.599554 
863.453754 
864.445410 
864.873951 
864.332735 
863.011554 
861.841782 
861.786561 
862.766268 
863.851118 
864.365552 
864.213503 
862.939702 
862.830790 
863.868189 
865.086743 
865.946179 
865.680608 
865.099464 
864.549592 
863.605997 
861.771298 
861.091267 
860.541395 
859.344661 
858.245835 
858.290114 
859.059886 
859.491963 
859.179019 
858.161661 
857.431873 
858.338092 
860.137195 
861.608439 
862.064844 
861.449793 
860.821729 
860.396327 
860.717931 
833.108533 
833.812335 
834.141618 
834.544126 
835.507801 
836.283046 
835.855381 
834.671840 
833.932196 
833.894287 
833.937047 
834.837961 
835.879759 
836.319129 
835.714352 
834.415895 
833.296870 
833.257656 
834.208637 
835.299418 
835.854832 
835.705035 
834.541518 
834.396078 
835.507089 
836.723233 
837.423126 
837.138661 
836.601839 
836.055537 
835.129726 
833.487712 
832.906389 
832.353822 
831.145283 
829.944078 
829.877112 
830.623326 
831.017920 
830.745401 
829.811086 
829.082221 
829.933550 
831.691250 
833.216174 
833.681619 
833.122948 
832.504274 
832.077531 
832.411562 
805.159471 
805.807040 
806.169577 
806.604215 
807.661724 
808.444725 
807.876397 
806.592666 
805.836974 
805.690469 
805.672915 
806.629143 
807.729974 
808.185728 
807.513767 
806.226427 
805.145786 
805.123509 
806.057166 
807.162519 
807.760521 
807.616931 
806.535866 
806.351337 
807.549788 
808.771589 
809.320267 
809.007717 
808.511446 
807.973445 
807.069514 
805.594470 
805.123780 
804.577406 
803.348658 
802.031973 
801.859500 
802.597547 
802.959271 
802.726530 
801.862865 
801.117142 
801.923074 
803.654683 
805.243204 
805.717104 
805.201547 
804.588873 
804.153457 
804.504880 
777.604147 
778.199767 
778.590602 
779.049998 
780.211294 
781.015470 
780.300471 
778.902339 
778.129807 
777.882268 
777.794635 
778.815816 
779.984768 
780.462738 
779.718104 
778.431398 
777.377902 
777.373610 
778.300037 
779.428288 
780.071221 
779.936211 
778.913396 
778.684220 
779.985959 
781.222086 
781.624042 
781.275292 
780.817216 
780.291473 
779.411691 
778.081474 
777.733427 
777.200779 
775.944639 
774.498622 
774.225065 
774.971225 
775.303282 
775.110217 
774.306799 
773.526445 
774.295483 
776.014796 
777.678222 
778.158885 
777.674625 
777.064419 
776.612795 
776.987442 
750.431792 
750.978430 
751.393832 
751.869905 
753.146482 
753.985733 
753.115888 
751.588959 
750.801049 
750.458339 
750.290010 
751.386981 
752.633353 
753.139725 
752.315113 
751.019562 
749.982865 
749.997757 
750.925958 
752.085182 
752.775998 
752.650791 
751.664878 
751.382667 
752.805763 
754.065405 
754.321656 
753.929374 
753.508455 
752.998297 
752.143507 
750.938604 
750.725750 
750.213221 
748.923552 
747.333357 
746.961985 
747.733660 
748.037819 
747.884920 
747.133175 
746.300026 
747.040001 
748.759479 
750.510535 
750.995206 
750.531559 
749.920313 
749.444549 
749.849233 
723.632089 
724.131547 
724.568899 
725.052630 
726.457618 
727.346577 
726.311505 
724.640952 
723.841367 
723.408008 
723.147124 
724.332107 
725.665408 
726.206816 
725.293103 
723.980154 
722.950607 
722.986062 
723.924122 
725.122206 
725.864378 
725.749372 
724.781264 
724.434844 
725.999840 
727.292656 
727.400983 
726.958399 
726.574847 
726.083095 
725.253020 
724.155767 
724.091603 
723.604591 
722.276187 
720.525735 
720.058789 
720.874767 
721.151286 
721.039688 
720.332759 
719.427878 
720.146242 
721.877146 
723.730057 
724.214902 
723.762071 
723.146434 
722.638009 
723.080666 
697.195144 
697.648178 
698.105928 
698.587096 
700.135381 
701.089659 
699.876692 
698.047035 
697.241770 
696.721227 
696.354313 
697.641125 
699.071053 
699.654692 
698.640871 
697.302866 
696.271334 
696.328952 
697.284168 
698.528867 
699.326342 
699.221351 
698.253753 
697.829076 
699.559307 
700.895399 
700.850473 
700.351214 
700.006458 
699.535525 
698.729007 
697.722912 
697.822266 
697.365266 
695.993803 
694.065535 
693.504314 
694.385072 
694.632573 
694.564114 
693.896801 
692.900095 
693.604202 
695.356678 
697.327298 
697.807337 
697.356215 
696.733125 
696.182720 
696.672580 
671.111475 
671.517867 
671.995534 
672.462423 
674.170795 
675.207232 
673.801286 
671.796172 
670.993628 
670.388541 
669.900123 
671.304411 
672.840817 
673.474581 
672.347652 
670.977825 
669.935523 
670.017165 
670.996155 
672.295141 
673.152307 
673.056748 
672.073831 
671.553793 
673.475751 
674.865653 
674.659086 
674.097052 
673.793735 
673.345700 
672.560895 
671.630051 
671.909450 
671.486095 
670.068119 
667.942748 
667.287664 
668.255701 
668.471000 
668.448290 
667.817030 
666.706869 
667.404254 
669.187360 
671.293357 
671.762356 
671.304374 
670.671174 
670.068458 
670.616232 
645.371986 
645.730595 
646.228816 
646.667884 
648.555216 
649.692141 
648.075546 
645.877530 
645.088692 
644.401058 
643.773263 
645.312785 
646.965611 
647.658249 
646.403060 
644.995576 
643.933914 
644.041748 
645.050528 
646.411439 
647.333111 
647.246144 
646.233306 
645.597463 
647.741233 
649.195907 
648.816218 
648.185503 
647.927502 
647.504171 
646.738702 
645.867247 
646.345298 
645.958343 
644.491317 
642.147562 
641.398175 
642.478391 
642.656268 
642.682767 
642.085664 
640.838473 
641.537139 
643.358835 
645.619915 
646.070235 
645.597240 
644.951810 
644.285191 
644.903308 
619.967952 
620.276731 
620.797362 
621.192871 
623.280320 
624.537824 
622.690117 
620.280443 
619.519103 
618.750436 
617.962565 
619.657501 
621.436703 
622.197997 
620.797037 
619.347064 
618.257496 
618.394051 
619.438097 
620.868580 
621.860003 
621.780633 
620.724345 
619.948541 
622.348290 
623.879126 
623.311654 
622.606486 
622.398960 
622.001900 
621.252993 
620.424613 
621.122386 
620.773657 
619.256047 
616.670350 
615.825372 
617.045488 
617.178409 
617.258521 
616.695416 
615.285247 
615.993966 
617.861053 
620.299234 
620.721639 
620.225808 
619.566689 
618.823049 
619.525914 
594.890998 
595.146994 
595.693255 
596.026850 
598.338101 
599.738319 
597.635992 
594.994366 
594.277406 
593.428867 
592.456930 
594.330255 
596.245683 
597.086666 
595.519806 
594.023629 
592.897502 
593.065725 
594.150008 
595.657764 
596.724619 
596.651770 
595.539503 
594.595398 
597.289942 
598.908760 
598.135504 
597.350226 
597.199681 
596.830244 
596.094852 
595.292280 
596.233737 
595.924017 
594.355422 
591.501650 
590.558931 
591.949965 
592.027739 
592.166923 
591.639500 
590.037572 
590.766212 
592.684221 
595.324159 
595.707584 
595.181349 
594.507899 
593.672289 
594.476585 
570.133081 
570.332410 
570.909079 
571.159319 
573.720850 
575.288271 
572.904479 
570.008838 
569.356558 
568.429078 
567.245282 
569.323180 
571.384439 
572.317631 
570.561824 
569.016988 
567.845386 
568.048716 
569.177724 
570.770546 
571.918969 
571.851541 
570.671751 
569.526260 
572.559703 
574.278746 
573.278162 
572.407225 
572.321600 
571.980929 
571.255850 
570.460383 
571.672830 
571.401704 
569.783036 
566.632150 
565.588638 
567.185431 
567.194809 
567.399703 
566.911650 
565.085840 
565.845728 
567.818758 
570.688120 
571.019391 
570.455403 
569.767954 
568.823254 
569.748293 
545.686473 
545.824274 
546.437935 
546.579764 
549.421151 
551.182945 
548.487175 
545.313432 
544.749945 
543.744321 
542.316505 
544.628857 
546.845123 
547.884815 
545.913728 
544.319238 
543.092817 
543.335260 
544.513005 
546.198815 
547.435419 
547.372321 
546.114506 
544.729138 
548.151598 
549.983517 
548.730254 
547.768241 
547.757019 
547.446034 
546.728031 
545.919016 
547.433614 
547.199252 
545.532965 
542.052667 
540.904349 
542.746161 
542.670355 
542.948930 
542.506135 
540.420420 
541.224747 
543.255244 
546.385145 
546.648660 
546.039753 
545.339804 
544.266331 
545.334450 
521.543742 
521.614115 
522.273459 
522.277603 
525.431868 
527.418239 
524.375932 
520.897713 
520.451384 
519.368390 
517.659392 
520.240331 
522.620117 
523.782699 
521.566295 
519.922845 
518.631659 
518.917882 
520.147884 
521.934774 
523.266680 
523.206846 
521.861668 
520.191748 
524.060178 
526.018006 
524.482595 
523.424266 
523.498598 
523.217968 
522.503904 
521.658202 
523.510528 
523.309418 
521.599787 
517.754127 
516.495944 
518.627120 
518.445252 
518.806981 
518.417780 
516.031618 
516.895895 
518.984373 
522.409873 
522.587222 
521.926409 
521.216841 
519.991909 
521.228924 
497.697737 
497.693655 
498.409841 
498.242144 
501.746136 
503.990706 
500.562835 
496.751193 
496.455143 
495.295621 
493.262574 
496.151119 
498.702001 
500.006334 
497.510386 
495.820652 
494.453951 
494.789387 
496.074655 
497.970922 
499.405789 
499.348176 
497.907654 
495.901436 
500.280551 
502.377657 
500.526147 
499.366500 
499.539354 
499.289448 
498.576433 
497.667843 
499.898526 
499.725129 
497.978593 
493.727542 
492.353282 
494.823996 
494.510458 
494.966518 
494.641992 
491.909627 
492.852206 
494.996895 
498.757573 
498.827110 
498.107590 
497.392914 
495.990331 
497.426054 
474.141569 
474.054773 
474.841862 
474.462516 
478.357352 
480.897575 
477.040169 
472.863278 
472.755950 
471.520916 
469.114452 
472.355243 
475.083515 
476.551364 
473.736897 
472.005877 
470.551895 
470.942867 
472.285848 
474.300032 
475.846098 
475.789672 
474.247443 
471.845082 
476.808402 
479.058429 
476.851970 
475.586339 
475.872662 
475.653481 
474.939042 
473.937666 
476.593104 
476.439450 
474.665014 
469.963990 
468.466151 
471.333251 
470.856961 
471.420465 
471.174794 
468.044482 
469.087149 
471.283569 
475.424170 
475.360518 
474.575700 
473.862345 
472.251838 
473.920665 
450.868592 
450.689462 
451.564923 
450.927620 
455.259163 
458.136780 
453.800403 
449.223221 
449.349012 
448.039756 
445.203125 
448.847251 
451.757512 
453.414053 
450.236701 
448.472126 
446.917828 
447.371689 
448.774217 
450.915139 
452.581261 
452.524961 
450.876621 
448.009008 
453.640034 
456.056805 
453.451185 
452.075346 
452.492252 
452.303339 
451.585624 
450.457173 
453.590340 
453.445527 
451.655243 
446.454589 
444.824217 
448.152164 
447.475720 
448.161985 
448.012855 
444.425994 
445.594656 
447.835096 
452.406278 
452.179762 
451.323310 
450.619955 
448.766515 
450.708096 
427.872392 
427.589795 
428.575088 
427.626054 
432.445460 
435.706987 
430.836157 
425.820061 
426.230027 
424.848233 
421.516306 
425.622256 
428.716922 
430.591313 
427.000596 
425.213398 
423.544209 
424.069505 
425.532722 
427.809525 
429.605225 
429.547907 
427.791437 
424.378869 
430.772408 
433.369810 
430.314925 
428.825240 
429.392217 
429.232539 
428.510552 
427.215568 
430.886926 
430.736543 
428.946067 
423.190477 
421.416964 
425.278893 
424.357610 
425.184455 
425.153541 
421.043690 
422.369151 
424.642058 
429.701235 
429.277242 
428.343136 
427.661084 
425.524227 
427.784228 
405.146764 
404.747872 
405.869140 
404.546046 
409.910372 
413.607637 
408.140180 
402.642571 
403.395210 
401.943075 
398.041230 
402.675978 
405.954694 
408.080748 
404.019235 
402.224111 
400.423586 
401.030245 
402.554510 
404.976699 
406.912218 
406.852576 
404.988864 
400.939538 
408.203187 
410.995013 
407.434290 
405.827875 
406.567008 
406.434819 
405.708701 
404.201692 
408.480229 
408.305660 
406.534900 
400.162782 
398.233637 
402.712545 
401.493347 
402.481451 
402.594958 
397.886735 
399.405597 
401.694851 
407.307153 
406.645398 
405.628015 
404.981634 
402.514552 
405.145512 
382.685698 
382.155782 
383.444630 
381.675376 
387.648256 
391.838979 
385.705329 
379.679198 
380.841307 
379.321691 
374.764562 
380.004795 
383.463744 
385.880692 
381.283067 
379.499114 
377.548578 
378.248128 
379.832904 
382.410392 
384.496743 
384.433205 
382.466676 
377.674976 
385.930796 
388.930545 
384.800299 
383.075224 
384.011448 
383.904111 
383.175473 
381.403939 
386.368336 
386.145957 
384.419831 
377.362602 
375.263173 
380.453253 
378.873424 
380.046718 
380.336009 
374.943853 
376.699548 
378.983603 
385.222965 
384.276666 
383.170883 
382.578099 
379.726703 
382.789012 
360.483360 
359.805547 
361.299952 
359.001289 
365.653691 
370.402118 
363.524540 
356.917990 
358.565628 
356.982207 
351.672284 
357.605806 
361.236894 
363.990271 
358.782256 
357.033717 
354.911843 
355.717659 
357.361379 
360.104536 
362.353569 
362.284161 
360.223524 
354.568088 
363.954482 
367.175115 
362.403846 
360.559363 
361.720735 
361.634514 
360.906833 
358.810169 
364.550129 
364.250366 
362.599663 
354.780973 
352.494127 
358.502269 
356.488032 
357.874154 
358.376462 
352.203234 
354.247200 
356.498092 
363.448495 
362.163428 
360.964751 
360.447620 
357.149448 
360.712450 
338.534074 
337.689073 
339.434414 
336.510406 
343.921478 
349.299067 
341.590807 
334.346538 
336.566069 
334.923520 
328.749582 
335.476897 
339.266801 
342.409459 
336.506605 
334.823725 
332.506047 
333.433643 
335.133554 
338.053258 
340.477731 
340.399902 
338.259035 
331.600574 
342.274385 
345.728020 
340.235639 
338.272458 
339.690453 
339.620266 
338.899347 
336.407610 
343.025356 
342.611593 
341.073977 
332.408844 
329.914597 
336.862060 
334.326977 
335.957785 
336.717021 
329.652435 
332.045473 
334.227657 
341.984520 
340.297962 
339.002678 
338.588031 
334.771018 
338.914256 
316.832303 
315.798085 
317.848332 
314.188623 
322.446632 
328.532799 
319.897154 
311.951891 
314.841144 
313.145356 
305.980716 
313.616831 
317.545881 
321.139151 
314.445471 
312.865474 
310.323832 
311.391189 
313.143169 
316.250866 
318.864520 
318.774929 
316.573914 
308.752751 
320.891626 
324.589167 
318.286154 
316.206751 
317.916586 
317.855708 
317.150233 
314.182750 
321.794720 
321.222037 
319.843189 
310.237051 
307.512136 
315.536433 
312.379587 
314.291746 
315.359407 
307.278261 
310.092079 
312.161089 
320.832864 
318.672388 
317.277742 
316.997926 
312.579003 
317.393628 
295.372629 
294.124071 
296.543124 
292.020997 
301.224382 
308.107311 
298.436614 
289.720486 
293.390016 
291.648334 
283.348873 
292.025333 
296.066219 
300.181248 
292.587661 
291.155876 
288.357780 
289.585725 
291.384069 
294.691839 
297.509489 
297.403741 
295.170069 
286.003367 
299.808394 
303.759084 
296.545574 
294.354548 
296.395534 
296.335250 
295.657418 
292.121218 
300.859976 
300.073697 
298.908620 
288.256282 
285.273656 
294.530657 
290.634614 
292.870253 
294.306453 
285.066641 
288.385627 
290.286518 
299.996478 
297.278600 
295.783017 
295.676728 
290.560247 
296.150601 
274.149733 
272.658204 
275.521427 
269.991633 
280.250169 
288.027690 
277.202199 
267.638060 
272.212538 
270.434039 
260.836019 
270.703207 
274.819478 
279.538749 
270.921335 
269.692475 
266.600367 
268.013008 
269.850188 
273.370816 
276.408450 
276.280768 
274.050746 
263.329389 
279.028055 
283.238943 
275.003727 
272.708206 
275.124128 
275.053330 
274.419607 
270.207646 
280.224048 
279.158063 
278.272583 
266.457052 
263.185324 
273.851612 
269.080123 
271.687584 
273.562212 
263.002490 
266.925725 
268.591288 
279.479557 
276.108209 
274.511536 
274.624766 
268.700719 
275.186123 
253.158372 
251.391268 
254.787221 
248.083546 
259.519651 
268.300186 
256.186875 
245.689561 
251.309290 
249.505107 
238.422719 
249.652459 
253.796781 
259.215861 
249.433883 
248.473505 
245.043923 
246.669149 
248.535528 
252.282588 
255.557479 
255.400317 
253.220684 
240.705776 
258.555271 
263.030575 
253.650024 
251.260125 
254.099653 
254.004370 
253.436357 
248.425528 
259.891154 
258.466007 
257.938465 
244.829667 
241.232450 
253.507955 
247.703374 
250.738050 
253.132068 
241.069548 
245.713104 
247.061814 
259.287653 
255.152463 
253.456261 
253.843373 
246.985381 
254.502142 
232.393358 
230.313574 
234.345974 
226.278520 
239.028702 
248.932290 
235.383538 
223.859049 
230.681622 
228.865318 
216.087953 
228.876434 
232.988594 
239.218116 
228.111798 
227.497964 
223.680575 
225.550623 
227.434141 
231.422086 
234.952924 
234.756493 
232.686289 
218.105225 
238.396134 
243.136492 
232.473388 
230.002736 
233.319876 
233.182723 
232.708175 
226.757051 
239.866953 
237.987647 
237.910836 
223.364193 
219.399361 
233.510295 
226.490689 
230.015976 
233.022873 
219.250206 
224.749763 
225.683423 
239.427813 
234.402170 
232.610048 
233.334983 
225.398036 
234.101705 
211.849530 
209.414862 
214.204798 
204.556949 
218.773421 
229.932825 
214.784979 
202.129595 
210.331704 
208.519701 
193.808901 
208.379983 
212.384583 
219.552515 
206.940534 
206.765698 
202.502198 
204.654303 
206.540108 
210.784376 
214.591413 
214.343120 
212.455830 
195.497889 
218.558311 
223.559903 
211.462180 
208.928498 
212.783072 
212.582619 
212.236611 
205.182918 
220.158708 
217.712200 
218.195553 
202.050421 
197.669262 
213.871404 
205.427304 
209.515666 
213.243091 
197.525313 
204.039127 
204.440179 
219.908728 
213.847613 
211.965607 
213.103249 
203.921165 
213.989067 
191.521727 
188.684204 
194.372633 
182.897665 
198.750139 
211.312035 
194.383862 
180.483173 
190.262574 
188.474648 
171.560719 
188.169643 
191.973461 
200.227677 
185.904344 
186.277487 
181.500346 
183.977482 
185.847515 
190.364647 
194.469866 
194.153649 
192.539660 
172.851068 
199.051219 
204.304730 
190.604121 
188.029888 
192.488055 
192.198099 
192.024383 
183.682145 
200.775470 
197.627825 
198.799898 
180.877835 
176.024084 
194.606435 
184.497216 
189.231381 
193.802962 
175.873962 
183.586228 
183.314686 
200.740902 
193.478450 
191.515463 
193.153172 
182.535738 
194.169817 
171.404764 
168.109881 
174.860439 
161.277751 
178.955428 
193.081691 
174.172689 
158.900534 
170.478194 
168.738048 
149.316279 
168.253839 
171.742811 
181.254018 
164.986111 
166.035158 
160.666183 
163.517911 
165.350433 
170.158202 
174.585515 
174.181051 
172.950460 
150.128873 
179.886209 
185.375632 
169.886210 
167.299397 
172.434222 
172.022947 
172.075506 
162.231839 
181.728288 
177.721431 
179.732707 
159.835568 
154.444320 
175.733179 
163.683001 
169.157307 
174.714683 
154.273247 
163.397918 
162.287869 
181.936847 
173.283612 
171.251912 
173.491246 
161.221020 
174.651013 
151.493398 
147.679263 
155.681419 
139.672327 
159.386122 
175.255194 
154.143773 
137.361088 
150.983510 
149.319430 
127.045894 
148.643120 
151.678887 
162.643947 
144.167146 
146.041701 
139.990410 
143.273832 
145.042886 
150.160454 
154.935925 
154.417702 
153.703513 
127.291848 
161.076776 
166.778015 
149.294630 
146.729528 
152.621590 
152.050605 
152.395441 
140.806955 
163.030439 
157.978482 
161.004537 
138.912371 
132.908837 
157.272334 
142.965625 
149.287522 
155.992610 
132.697997 
143.483096 
141.338733 
163.511285 
153.251182 
151.166970 
154.125624 
139.954340 
155.441338 
