107822697 
1.63108 1.6223 1.62702 1.62533 1.63484 1.63089 1.639 1.63263 1.63672 1.62112 1.62199 1.62729 1.63107 1.62617 1.63358 
1510.105615 
1495.775354 
1511.877845 
1489.162712 
1507.328788 
1499.988409 
1507.740402 
1495.060912 
1501.457609 
1501.722050 
1504.847437 
1498.733742 
1491.639015 
1515.538766 
1505.953547 
1375.193756 
1363.535967 
1375.379925 
1358.636236 
1373.013426 
1367.935551 
1374.155839 
1364.101303 
1368.751449 
1367.556443 
1369.723394 
1365.485834 
1360.936349 
1378.937916 
1372.951713 
1249.023338 
1239.038323 
1248.049571 
1235.574822 
1247.525902 
1243.884467 
1249.282637 
1240.999300 
1244.469554 
1241.701339 
1243.187188 
1240.572865 
1237.900547 
1251.408659 
1248.079308 
1130.490240 
1121.489448 
1128.632958 
1119.270617 
1129.727494 
1126.952237 
1132.024728 
1124.906801 
1127.621386 
1123.165582 
1124.175146 
1123.008861 
1121.783053 
1131.713170 
1130.468064 
1018.701033 
1010.187080 
1016.140948 
1009.079127 
1018.706202 
1016.378196 
1021.495582 
1015.090926 
1017.390914 
1011.119008 
1011.813159 
1011.977238 
1011.920294 
1018.864009 
1019.368487 
912.919345 
904.514320 
909.775056 
904.423712 
913.716877 
911.506296 
916.965665 
910.917409 
913.097375 
904.859644 
905.373329 
906.792874 
907.729261 
912.055938 
914.134757 
812.529181 
803.930484 
808.878663 
804.792408 
814.140927 
811.768708 
817.826208 
811.835329 
814.166948 
803.788555 
804.242584 
806.874613 
808.699474 
810.620298 
814.209651 
717.008910 
707.961280 
712.903617 
709.731827 
719.458164 
716.671587 
723.563386 
717.363888 
720.111752 
707.390382 
707.899440 
711.724795 
714.384151 
713.993363 
719.110988 
625.912256 
616.189574 
621.386621 
618.840299 
629.226507 
625.783095 
633.739394 
627.081243 
630.513950 
615.218149 
615.896480 
620.913699 
624.391805 
621.693698 
628.420008 
538.854059 
528.247201 
533.932050 
531.761246 
543.066963 
538.723458 
547.978246 
540.615214 
545.013481 
526.881303 
527.846902 
534.067494 
538.378711 
533.305525 
541.771599 
455.499369 
443.807892 
450.199149 
448.177140 
460.652244 
455.156756 
465.954905 
457.635563 
463.298462 
442.036194 
443.414061 
450.858774 
456.042351 
448.466226 
458.846177 
375.554961 
362.581261 
369.892283 
367.804201 
381.697985 
374.784142 
387.386830 
377.847595 
385.097572 
360.378435 
362.303210 
370.999021 
377.115800 
366.856760 
379.362945 
298.762614 
284.307713 
292.753386 
290.387787 
305.955857 
297.338240 
312.027280 
300.986846 
310.173939 
281.636727 
284.254921 
294.232541 
301.362949 
288.194187 
303.074304 
224.893727 
208.754147 
218.556008 
215.698443 
233.208076 
222.578493 
239.659978 
226.814653 
238.320183 
205.567805 
209.039773 
220.331523 
228.574458 
212.225757 
229.761210 
153.744958 
135.710342 
147.100564 
143.528514 
163.262990 
150.287291 
170.094776 
155.114447 
169.354367 
131.952296 
136.454034 
149.091991 
158.564325 
138.724162 
159.229299 
