236826115 
1.80004 1.80004 1.80004 
2553.000000 
2553.000000 
2553.000000 
2518.205596 
2518.205596 
2518.205596 
2483.755692 
2483.755692 
2483.755692 
2449.643531 
2449.643531 
2449.643531 
2415.862557 
2415.862557 
2415.862557 
2382.406400 
2382.406400 
2382.406400 
2349.268872 
2349.268872 
2349.268872 
2316.443963 
2316.443963 
2316.443963 
2283.925829 
2283.925829 
2283.925829 
2251.708789 
2251.708789 
2251.708789 
2219.787317 
2219.787317 
2219.787317 
2188.156041 
2188.156041 
2188.156041 
2156.809732 
2156.809732 
2156.809732 
2125.743300 
2125.743300 
2125.743300 
2094.951792 
2094.951792 
2094.951792 
2064.430386 
2064.430386 
2064.430386 
2034.174382 
2034.174382 
2034.174382 
2004.179207 
2004.179207 
2004.179207 
1974.440400 
1974.440400 
1974.440400 
1944.953618 
1944.953618 
1944.953618 
1915.714623 
1915.714623 
1915.714623 
1886.719287 
1886.719287 
1886.719287 
1857.963581 
1857.963581 
1857.963581 
1829.443578 
1829.443578 
1829.443578 
1801.155445 
1801.155445 
1801.155445 
1773.095442 
1773.095442 
1773.095442 
1745.259919 
1745.259919 
1745.259919 
1717.645313 
1717.645313 
1717.645313 
1690.248145 
1690.248145 
1690.248145 
1663.065017 
1663.065017 
1663.065017 
1636.092611 
1636.092611 
1636.092611 
1609.327685 
1609.327685 
1609.327685 
1582.767072 
1582.767072 
1582.767072 
1556.407675 
1556.407675 
1556.407675 
1530.246470 
1530.246470 
1530.246470 
1504.280497 
1504.280497 
1504.280497 
1478.506864 
1478.506864 
1478.506864 
1452.922744 
1452.922744 
1452.922744 
1427.525369 
1427.525369 
1427.525369 
1402.312033 
1402.312033 
1402.312033 
1377.280088 
1377.280088 
1377.280088 
1352.426943 
1352.426943 
1352.426943 
1327.750061 
1327.750061 
1327.750061 
1303.246959 
1303.246959 
1303.246959 
1278.915209 
1278.915209 
1278.915209 
1254.752428 
1254.752428 
1254.752428 
1230.756288 
1230.756288 
1230.756288 
1206.924505 
1206.924505 
1206.924505 
1183.254842 
1183.254842 
1183.254842 
1159.745110 
1159.745110 
1159.745110 
1136.393161 
1136.393161 
1136.393161 
1113.196892 
1113.196892 
1113.196892 
1090.154241 
1090.154241 
1090.154241 
1067.263186 
1067.263186 
1067.263186 
1044.521746 
1044.521746 
1044.521746 
1021.927977 
1021.927977 
1021.927977 
999.479975 
999.479975 
999.479975 
977.175870 
977.175870 
977.175870 
955.013829 
955.013829 
955.013829 
932.992055 
932.992055 
932.992055 
911.108782 
911.108782 
911.108782 
889.362280 
889.362280 
889.362280 
867.750849 
867.750849 
867.750849 
846.272822 
846.272822 
846.272822 
824.926562 
824.926562 
824.926562 
803.710462 
803.710462 
803.710462 
782.622945 
782.622945 
782.622945 
761.662461 
761.662461 
761.662461 
740.827489 
740.827489 
740.827489 
720.116534 
720.116534 
720.116534 
699.528130 
699.528130 
699.528130 
679.060833 
679.060833 
679.060833 
658.713229 
658.713229 
658.713229 
638.483924 
638.483924 
638.483924 
618.371552 
618.371552 
618.371552 
598.374769 
598.374769 
598.374769 
578.492252 
578.492252 
578.492252 
558.722705 
558.722705 
558.722705 
539.064850 
539.064850 
539.064850 
519.517432 
519.517432 
519.517432 
500.079217 
500.079217 
500.079217 
480.748993 
480.748993 
480.748993 
461.525566 
461.525566 
461.525566 
442.407762 
442.407762 
442.407762 
423.394426 
423.394426 
423.394426 
404.484424 
404.484424 
404.484424 
385.676639 
385.676639 
385.676639 
366.969970 
366.969970 
366.969970 
348.363337 
348.363337 
348.363337 
329.855676 
329.855676 
329.855676 
311.445938 
311.445938 
311.445938 
293.133094 
293.133094 
293.133094 
274.916129 
274.916129 
274.916129 
256.794044 
256.794044 
256.794044 
238.765855 
238.765855 
238.765855 
220.830596 
220.830596 
220.830596 
202.987312 
202.987312 
202.987312 
185.235065 
185.235065 
185.235065 
167.572931 
167.572931 
167.572931 
150.000000 
150.000000 
150.000000 
