241525412 
1.80351 1.80351 1.80351 
2600.000000 
2600.000000 
2600.000000 
2564.525057 
2564.525057 
2564.525057 
2529.401350 
2529.401350 
2529.401350 
2494.621994 
2494.621994 
2494.621994 
2460.180302 
2460.180302 
2460.180302 
2426.069779 
2426.069779 
2426.069779 
2392.284119 
2392.284119 
2392.284119 
2358.817191 
2358.817191 
2358.817191 
2325.663038 
2325.663038 
2325.663038 
2292.815869 
2292.815869 
2292.815869 
2260.270049 
2260.270049 
2260.270049 
2228.020100 
2228.020100 
2228.020100 
2196.060692 
2196.060692 
2196.060692 
2164.386635 
2164.386635 
2164.386635 
2132.992880 
2132.992880 
2132.992880 
2101.874509 
2101.874509 
2101.874509 
2071.026732 
2071.026732 
2071.026732 
2040.444884 
2040.444884 
2040.444884 
2010.124420 
2010.124420 
2010.124420 
1980.060909 
1980.060909 
1980.060909 
1950.250032 
1950.250032 
1950.250032 
1920.687579 
1920.687579 
1920.687579 
1891.369444 
1891.369444 
1891.369444 
1862.291622 
1862.291622 
1862.291622 
1833.450204 
1833.450204 
1833.450204 
1804.841379 
1804.841379 
1804.841379 
1776.461424 
1776.461424 
1776.461424 
1748.306707 
1748.306707 
1748.306707 
1720.373681 
1720.373681 
1720.373681 
1692.658881 
1692.658881 
1692.658881 
1665.158925 
1665.158925 
1665.158925 
1637.870507 
1637.870507 
1637.870507 
1610.790398 
1610.790398 
1610.790398 
1583.915441 
1583.915441 
1583.915441 
1557.242551 
1557.242551 
1557.242551 
1530.768713 
1530.768713 
1530.768713 
1504.490977 
1504.490977 
1504.490977 
1478.406460 
1478.406460 
1478.406460 
1452.512341 
1452.512341 
1452.512341 
1426.805860 
1426.805860 
1426.805860 
1401.284318 
1401.284318 
1401.284318 
1375.945073 
1375.945073 
1375.945073 
1350.785538 
1350.785538 
1350.785538 
1325.803184 
1325.803184 
1325.803184 
1300.995531 
1300.995531 
1300.995531 
1276.360154 
1276.360154 
1276.360154 
1251.894676 
1251.894676 
1251.894676 
1227.596769 
1227.596769 
1227.596769 
1203.464155 
1203.464155 
1203.464155 
1179.494598 
1179.494598 
1179.494598 
1155.685911 
1155.685911 
1155.685911 
1132.035949 
1132.035949 
1132.035949 
1108.542609 
1108.542609 
1108.542609 
1085.203831 
1085.203831 
1085.203831 
1062.017593 
1062.017593 
1062.017593 
1038.981916 
1038.981916 
1038.981916 
1016.094856 
1016.094856 
1016.094856 
993.354507 
993.354507 
993.354507 
970.759002 
970.759002 
970.759002 
948.306506 
948.306506 
948.306506 
925.995221 
925.995221 
925.995221 
903.823381 
903.823381 
903.823381 
881.789255 
881.789255 
881.789255 
859.891142 
859.891142 
859.891142 
838.127373 
838.127373 
838.127373 
816.496310 
816.496310 
816.496310 
794.996344 
794.996344 
794.996344 
773.625896 
773.625896 
773.625896 
752.383415 
752.383415 
752.383415 
731.267378 
731.267378 
731.267378 
710.276287 
710.276287 
710.276287 
689.408673 
689.408673 
689.408673 
668.663092 
668.663092 
668.663092 
648.038125 
648.038125 
648.038125 
627.532378 
627.532378 
627.532378 
607.144479 
607.144479 
607.144479 
586.873083 
586.873083 
586.873083 
566.716865 
566.716865 
566.716865 
546.674524 
546.674524 
546.674524 
526.744781 
526.744781 
526.744781 
506.926377 
506.926377 
506.926377 
487.218075 
487.218075 
487.218075 
467.618658 
467.618658 
467.618658 
448.126931 
448.126931 
448.126931 
428.741716 
428.741716 
428.741716 
409.461856 
409.461856 
409.461856 
390.286211 
390.286211 
390.286211 
371.213661 
371.213661 
371.213661 
352.243103 
352.243103 
352.243103 
333.373452 
333.373452 
333.373452 
314.603641 
314.603641 
314.603641 
295.932618 
295.932618 
295.932618 
277.359349 
277.359349 
277.359349 
258.882816 
258.882816 
258.882816 
240.502016 
240.502016 
240.502016 
222.215963 
222.215963 
222.215963 
204.023684 
204.023684 
204.023684 
185.924224 
185.924224 
185.924224 
167.916638 
167.916638 
167.916638 
150.000000 
150.000000 
150.000000 
