49324 1828 1579 1469 1493 1503 1435 1440 1461 1480 
1.47295 1.46042 1.45767 1.46744 
1.46963 1.46927 1.45942 1.46288 
1.46528 1.46193 1.47249 1.46378 
1.45797 1.46553 1.46411 1.4641 
1.46762 1.46216 1.47088 1.45871 
1.46169 1.46598 1.46675 1.46801 
1.46989 1.46252 1.46726 1.46611 
1.45747 1.4668 1.45936 1.47202 
1.46171 1.459 1.47157 1.4617 
1503.843374 
1505.162697 
1505.897601 
1495.728412 
739.761667 
723.607958 
719.995306 
730.797262 
167.336636 
137.124236 
130.203458 
157.145445 
1504.697606 
1517.733645 
1504.305683 
1490.706183 
735.716439 
738.228166 
722.081953 
723.670343 
159.222071 
154.071668 
134.964932 
148.128567 
1506.257762 
1487.082416 
1494.307247 
1505.434003 
730.264371 
721.688900 
736.893617 
728.224005 
148.538230 
147.041405 
169.438139 
145.045220 
1503.770058 
1501.441142 
1510.692527 
1496.634365 
719.958913 
729.512736 
729.749345 
726.548054 
131.691648 
150.802439 
144.129042 
149.069137 
1505.553704 
1490.596336 
1518.168946 
1496.853489 
733.137467 
722.814756 
740.331317 
719.589067 
154.429952 
146.273394 
157.922202 
135.772158 
1487.537859 
1499.902329 
1507.500036 
1507.136051 
721.451051 
729.792839 
732.596172 
734.106061 
146.354090 
152.351012 
151.451038 
154.692369 
1497.572635 
1491.825052 
1501.758149 
1509.932610 
734.362785 
723.513460 
731.897106 
732.327070 
162.281779 
146.792589 
154.702794 
149.082240 
1488.040608 
1494.484453 
1498.081347 
1505.208632 
715.982295 
729.495688 
720.690671 
738.743165 
136.019723 
156.319447 
136.967355 
164.927879 
1505.756344 
1475.090591 
1500.971594 
1500.632945 
725.321487 
715.169118 
737.198962 
724.348139 
140.277162 
144.412829 
165.253025 
141.784365 
