70276151 184762 176374 174964 175049 174995 175602 175093 175144 180952 
1.65814 1.66388 1.65923 1.64769 
1.65978 1.65719 1.66096 1.65847 
1.66388 1.66355 1.65851 1.66168 
1.65974 1.66634 1.66332 1.6573 
1.65561 1.66467 1.65538 1.6614 
1.65743 1.6582 1.66121 1.66258 
1.64416 1.66221 1.65418 1.66464 
1.6578 1.66254 1.65989 1.65633 
1.65597 1.66222 1.65327 1.66532 
1520.786340 
1481.486920 
1513.241358 
1502.197742 
1479.841263 
1442.541595 
1472.668158 
1461.621882 
1439.724087 
1404.364245 
1432.913098 
1421.852794 
1400.401818 
1366.925513 
1393.943720 
1382.858985 
1361.843392 
1330.197690 
1355.729464 
1344.610766 
1324.019537 
1294.154595 
1318.241520 
1307.080120 
1286.902628 
1258.771466 
1281.452696 
1270.240581 
1250.466574 
1224.024858 
1245.337300 
1234.067118 
1214.686700 
1189.892555 
1209.871034 
1198.536033 
1179.539651 
1156.353478 
1175.030888 
1163.624872 
1145.003296 
1123.387618 
1140.795060 
1129.312335 
1111.056646 
1090.975958 
1107.142863 
1095.578204 
1077.679778 
1059.100412 
1074.054658 
1062.403264 
1044.853758 
1027.743763 
1041.511780 
1029.769242 
1012.560585 
996.889611 
1009.496477 
997.658747 
980.783124 
966.522320 
977.991850 
966.055211 
949.505054 
936.626972 
946.981799 
934.942843 
918.710817 
907.189324 
916.450973 
904.306575 
888.385572 
878.195767 
886.384727 
874.132022 
858.515149 
849.633290 
856.769077 
844.405443 
829.086012 
821.489446 
827.590660 
815.113699 
800.085221 
793.752317 
798.836700 
786.244222 
771.500395 
766.410489 
770.494973 
757.784979 
743.319684 
739.453020 
742.553776 
729.724447 
715.531737 
712.869415 
715.001896 
702.051578 
688.125675 
686.649604 
687.828586 
674.755779 
661.091064 
660.783919 
661.023538 
647.826885 
634.417892 
635.263070 
634.576859 
621.255137 
608.096547 
610.078129 
608.479049 
595.031159 
582.117795 
585.220511 
582.720981 
569.145939 
556.472762 
560.681952 
557.293883 
543.590813 
531.152912 
536.454502 
532.189317 
518.357443 
506.150036 
512.530501 
507.399164 
493.437804 
481.456227 
488.902569 
482.915607 
468.824168 
457.063876 
465.563592 
458.731119 
444.509086 
432.965646 
442.506709 
434.838445 
420.485383 
409.154470 
419.725302 
411.230591 
396.746134 
385.623528 
397.212981 
387.900813 
373.284662 
362.366242 
374.963576 
364.842602 
350.094521 
339.376264 
352.971128 
342.049676 
327.169487 
316.647463 
331.229877 
319.515967 
304.503546 
294.173918 
309.734256 
297.235615 
282.090890 
271.949904 
288.478878 
275.202955 
259.925901 
249.969890 
267.458535 
253.412510 
238.003147 
228.228524 
246.668184 
231.858983 
216.317373 
206.720631 
226.102943 
210.537248 
194.863493 
185.441200 
205.758085 
189.442346 
173.636583 
164.385381 
185.629027 
168.569472 
152.631874 
143.548476 
165.711332 
147.913975 
131.844746 
1497.714667 
1506.568018 
1506.445085 
1485.920709 
1457.842031 
1466.217615 
1466.254883 
1446.508917 
1418.767327 
1426.675573 
1426.871692 
1407.880323 
1380.459258 
1387.910066 
1388.263711 
1370.004496 
1342.888332 
1349.891114 
1350.400980 
1332.852747 
1306.026730 
1312.590437 
1313.255246 
1296.397994 
1269.848176 
1275.981333 
1276.799831 
1260.614649 
1234.327829 
1240.038561 
1241.009520 
1225.478504 
1199.442179 
1204.738237 
1205.860454 
1190.966639 
1165.168956 
1170.057738 
1171.330037 
1157.057331 
1131.487038 
1135.975614 
1137.396844 
1123.729969 
1098.376380 
1102.471510 
1104.040547 
1090.964983 
1065.817941 
1069.526093 
1071.241837 
1058.743774 
1033.793613 
1037.120981 
1038.982359 
1027.048650 
1002.286166 
1005.238687 
1007.244649 
995.862768 
971.279192 
973.862558 
976.012080 
965.170082 
940.757051 
942.976723 
945.268805 
934.955292 
910.704825 
912.566048 
914.999712 
905.203799 
881.108275 
882.616088 
885.190380 
875.901662 
851.953798 
853.113046 
855.827035 
847.035563 
823.228392 
824.043736 
826.896512 
818.592763 
794.919623 
795.395547 
798.386221 
790.561077 
767.015585 
767.156410 
770.284115 
762.928835 
739.504879 
739.314767 
742.578656 
735.684860 
712.376580 
711.859543 
715.258790 
708.818436 
685.620211 
684.780120 
688.313916 
682.319284 
659.225721 
658.066312 
661.733868 
656.177542 
633.183461 
631.708341 
635.508884 
630.383736 
607.484163 
605.696814 
609.629593 
604.928766 
582.118918 
580.022708 
584.086986 
579.803884 
557.079162 
554.677348 
558.872405 
555.000676 
532.356657 
529.652386 
533.977520 
530.511047 
507.943471 
504.939791 
509.394314 
506.327201 
483.831967 
480.531829 
485.115069 
482.441632 
460.014789 
456.421050 
461.132349 
458.847106 
436.484845 
432.600274 
437.438990 
435.536648 
413.235297 
409.062578 
414.028082 
412.503532 
390.259549 
385.801283 
390.892960 
389.741267 
367.551232 
362.809944 
368.027194 
367.243588 
345.104202 
340.082341 
345.424573 
345.004445 
322.912519 
317.612464 
323.079103 
323.017992 
300.970447 
295.394506 
300.984987 
301.278580 
279.272439 
273.422856 
279.136627 
279.780747 
257.813132 
251.692086 
257.528607 
258.519210 
236.587338 
230.196948 
236.155689 
237.488858 
215.590035 
208.932362 
215.012804 
216.684744 
194.816364 
187.893410 
194.095045 
196.102077 
174.261615 
167.075332 
173.397662 
175.736218 
153.921230 
146.473515 
152.916052 
155.582671 
1502.064189 
1525.551912 
1496.337486 
1507.949950 
1462.252969 
1484.684025 
1456.525141 
1467.742527 
1423.233447 
1444.641696 
1417.502658 
1428.341961 
1384.974882 
1405.392076 
1379.239405 
1389.716440 
1347.448288 
1366.904237 
1341.706493 
1351.835998 
1310.626302 
1329.149026 
1304.876652 
1314.672376 
1274.483068 
1292.098933 
1268.724110 
1278.198894 
1238.994127 
1255.727970 
1233.224486 
1242.390332 
1204.136314 
1220.011560 
1198.354692 
1207.222833 
1169.887677 
1184.926435 
1164.092840 
1172.673799 
1136.227386 
1150.450548 
1130.418166 
1138.721807 
1103.135662 
1116.562986 
1097.310950 
1105.346530 
1070.593707 
1083.243896 
1064.752449 
1072.528661 
1038.583637 
1050.474412 
1032.724833 
1040.249848 
1007.088430 
1018.236594 
1001.211126 
1008.492630 
976.091864 
986.513363 
970.195156 
977.240381 
945.578476 
955.288455 
939.661497 
946.477260 
915.533506 
924.546359 
909.595435 
916.188157 
885.942864 
894.272283 
879.982915 
886.358654 
856.793083 
864.452101 
850.810507 
856.974982 
828.071289 
835.072317 
822.065368 
828.023978 
799.765160 
806.120031 
793.735212 
799.493057 
771.862902 
777.582899 
765.808272 
771.370174 
744.353213 
749.449105 
738.273275 
743.643796 
717.225260 
721.707330 
711.119414 
716.302871 
690.468652 
694.346726 
684.336325 
689.336804 
664.073416 
667.356887 
657.914059 
662.735428 
638.029977 
640.727830 
631.843062 
636.488989 
612.329134 
614.449968 
606.114155 
610.588116 
586.962042 
588.514092 
580.718514 
585.023804 
561.920194 
562.911349 
555.647652 
559.787398 
537.195406 
537.633228 
530.893402 
534.870570 
512.779798 
512.671538 
506.447901 
510.265307 
488.665779 
488.018395 
482.303577 
485.963894 
464.846035 
463.666205 
458.453131 
461.958896 
441.313515 
439.607653 
434.889526 
438.243153 
418.061419 
415.835684 
411.605977 
414.809755 
395.083183 
392.343499 
388.595935 
391.652042 
372.372475 
369.124534 
365.853078 
368.763584 
349.923177 
346.172454 
343.371303 
346.138175 
327.729379 
323.481144 
321.144712 
323.769819 
305.785369 
301.044695 
299.167603 
301.652724 
284.085625 
278.857396 
277.434466 
279.781293 
262.624807 
256.913727 
255.939970 
258.150111 
241.397746 
235.208350 
234.678958 
236.753943 
220.399441 
213.736099 
213.646437 
215.587720 
199.625048 
192.491974 
192.837573 
194.646538 
179.069877 
171.471136 
172.247683 
173.925648 
158.729383 
150.668897 
151.872232 
153.420447 
1502.417434 
1511.693783 
1499.461315 
1497.196933 
1462.369953 
1471.544903 
1459.702322 
1457.250437 
1423.122765 
1432.202408 
1420.736986 
1418.101644 
1384.644496 
1393.634536 
1382.534301 
1379.719281 
1346.905585 
1355.811364 
1345.065041 
1342.073881 
1309.878142 
1318.704673 
1308.301629 
1305.137642 
1273.535823 
1282.287816 
1272.218015 
1268.884309 
1237.853725 
1246.535605 
1236.789564 
1233.289058 
1202.808275 
1211.424207 
1201.992957 
1198.328394 
1168.377141 
1176.931051 
1167.806097 
1163.980059 
1134.539147 
1143.034734 
1134.208028 
1130.222946 
1101.274192 
1109.714947 
1101.178854 
1097.037021 
1068.563179 
1076.952402 
1068.699671 
1064.403252 
1036.387952 
1044.728760 
1036.752503 
1032.303541 
1004.731231 
1013.026575 
1005.320240 
1000.720668 
973.576561 
981.829233 
974.386584 
969.638231 
942.908255 
951.120902 
943.936000 
939.040597 
912.711353 
920.886484 
913.953668 
908.912856 
882.971572 
891.111569 
884.425437 
879.240773 
853.675270 
861.782395 
855.337790 
850.010753 
824.809407 
832.885807 
826.677805 
821.209797 
796.361509 
804.409226 
798.433119 
792.825475 
768.319636 
776.340614 
770.591897 
764.845887 
740.672353 
748.668441 
743.142806 
737.259636 
713.408703 
721.381661 
716.074980 
710.055801 
686.518175 
694.469683 
689.378000 
683.223908 
659.990688 
667.922345 
663.041869 
656.753909 
633.816563 
641.729895 
637.056988 
630.636158 
607.986502 
615.882965 
611.414136 
604.861387 
582.491571 
590.372555 
586.104450 
579.420692 
557.323177 
565.190011 
561.119408 
554.305510 
532.473055 
540.327009 
536.450811 
529.507603 
507.933250 
515.775537 
512.090765 
505.019042 
483.696102 
491.527882 
488.031670 
480.832193 
459.754229 
467.576612 
464.266202 
456.939698 
436.100517 
443.914567 
440.787301 
433.334469 
412.728108 
420.534841 
417.588159 
410.009667 
389.630383 
397.430775 
394.662208 
386.958697 
366.800954 
374.595939 
372.003108 
364.175192 
344.233657 
352.024129 
349.604739 
341.653008 
321.922533 
329.709351 
327.461185 
319.386206 
299.861827 
307.645814 
305.566734 
297.369050 
278.045976 
285.827921 
283.915860 
275.595994 
256.469598 
264.250260 
262.503222 
254.061676 
235.127488 
242.907595 
241.323650 
232.760906 
214.014611 
221.794860 
220.372143 
211.688665 
193.126088 
200.907150 
199.643857 
190.840092 
172.457197 
180.239717 
179.134102 
170.210480 
152.003364 
159.787961 
158.838335 
149.795268 
1498.192815 
1496.375861 
1502.043367 
1502.219401 
1458.124094 
1456.787568 
1461.799205 
1462.235298 
1418.856297 
1417.990011 
1422.360667 
1423.051615 
1380.357938 
1379.952375 
1383.696008 
1384.637000 
1342.599352 
1342.645611 
1345.775320 
1346.961911 
1305.552556 
1306.042302 
1308.570397 
1309.998472 
1269.191126 
1270.116549 
1272.054607 
1273.720359 
1233.490081 
1234.843856 
1236.202777 
1238.102677 
1198.425785 
1200.201032 
1200.991088 
1203.121867 
1163.975844 
1166.166100 
1166.396981 
1168.755607 
1130.119028 
1132.718213 
1132.399068 
1134.982729 
1096.835187 
1099.837579 
1098.977052 
1101.783140 
1064.105182 
1067.505390 
1066.111658 
1069.137750 
1031.910816 
1035.703760 
1033.784559 
1037.028408 
1000.234775 
1004.415661 
1001.978320 
1005.437840 
969.060570 
973.624875 
970.676340 
974.349594 
938.372486 
943.315938 
939.862799 
943.747989 
908.155537 
913.474097 
909.522608 
913.618067 
878.395418 
884.085269 
879.641368 
883.945547 
849.078465 
855.135994 
850.205327 
854.716791 
820.191618 
826.613408 
821.201341 
825.918759 
791.722387 
798.505199 
792.616841 
797.538979 
763.658817 
770.799584 
764.439796 
769.565512 
735.989460 
743.485275 
736.658688 
741.986925 
708.703344 
716.551451 
709.262479 
714.792259 
681.789951 
689.987734 
682.240585 
687.971007 
655.239189 
663.784167 
655.582854 
661.513085 
629.041368 
637.931187 
629.279541 
635.408815 
603.187186 
612.419609 
603.321288 
609.648900 
577.667699 
587.240603 
577.699100 
584.224402 
552.474310 
562.385678 
552.404332 
559.126732 
527.598750 
537.846664 
527.428666 
534.347622 
503.033058 
513.615697 
502.764097 
509.879116 
478.769569 
489.685201 
478.402920 
485.713553 
454.800900 
466.047879 
454.337710 
461.843551 
431.119934 
442.696694 
430.561311 
438.261996 
407.719810 
419.624861 
407.066826 
414.962026 
384.593906 
396.825835 
383.847598 
391.937022 
361.735836 
374.293294 
360.897208 
369.180597 
339.139432 
352.021138 
338.209454 
346.686581 
316.798735 
330.003472 
315.778349 
324.449019 
294.707991 
308.234598 
293.598107 
302.462151 
272.861634 
286.709010 
271.663137 
280.720414 
251.254285 
265.421381 
249.968031 
259.218425 
229.880739 
244.366558 
228.507558 
237.950977 
208.735959 
223.539553 
207.276657 
216.913032 
187.815069 
202.935536 
186.270429 
196.099712 
167.113349 
182.549831 
165.484130 
175.506293 
146.626223 
162.377907 
144.913163 
155.128199 
1507.628834 
1489.039095 
1497.768646 
1493.887704 
1467.217624 
1449.482249 
1457.950635 
1454.322853 
1427.619604 
1410.712293 
1418.930944 
1415.546620 
1388.802531 
1372.698616 
1380.678154 
1377.528297 
1350.736044 
1335.412362 
1343.162663 
1340.238934 
1313.391518 
1298.826294 
1306.356551 
1303.651208 
1276.741935 
1262.914673 
1270.233456 
1267.739302 
1240.761767 
1227.653159 
1234.768459 
1232.478799 
1205.426867 
1193.018700 
1199.937982 
1197.846582 
1170.714371 
1158.989453 
1165.719689 
1163.820742 
1136.602609 
1125.544694 
1132.092407 
1130.380494 
1103.071025 
1092.664745 
1099.036040 
1097.506107 
1070.100098 
1060.330906 
1066.531502 
1065.178827 
1037.671278 
1028.525391 
1034.560649 
1033.380819 
1005.766920 
997.231268 
1003.106214 
1002.095106 
974.370228 
966.432405 
972.151760 
971.305513 
943.465197 
936.113423 
941.681619 
940.996621 
913.036570 
906.259647 
911.680849 
911.153716 
883.069789 
876.857067 
882.135189 
881.762753 
853.550952 
847.892293 
853.031020 
852.810309 
824.466777 
819.352526 
824.355323 
824.283552 
795.804562 
791.225518 
796.095647 
796.170205 
767.552156 
763.499542 
768.240078 
768.458513 
739.697924 
736.163366 
740.777205 
741.137217 
712.230721 
709.206222 
713.696093 
714.195525 
685.139861 
682.617782 
686.986258 
687.623084 
658.415096 
656.388136 
660.637644 
661.409961 
632.046592 
630.507766 
634.640594 
635.546618 
606.024904 
604.967530 
608.985838 
610.023891 
580.340960 
579.758637 
583.664464 
584.832972 
554.986036 
554.872637 
558.667905 
559.965391 
529.951745 
530.301396 
533.987921 
535.412997 
505.230014 
506.037084 
509.616580 
511.167944 
480.813073 
482.072160 
485.546244 
487.222675 
456.693438 
458.399357 
461.769558 
463.569910 
432.863895 
435.011671 
438.279430 
440.202627 
409.317493 
411.902346 
415.069024 
417.114059 
386.047525 
389.064862 
392.131744 
394.297673 
363.047520 
366.492928 
369.461227 
371.747164 
340.311233 
344.180467 
347.051326 
349.456445 
317.832632 
322.121609 
324.896108 
327.419634 
295.605890 
300.310681 
302.989838 
305.631048 
273.625374 
278.742198 
281.326972 
284.085190 
251.885640 
257.410855 
259.902152 
262.776747 
230.381421 
236.311519 
238.710191 
241.700577 
209.107623 
215.439224 
217.746074 
220.851703 
188.059312 
194.789159 
197.004942 
200.225306 
167.231714 
174.356666 
176.482093 
179.816721 
146.620203 
154.137231 
156.172971 
159.621425 
1483.954456 
1496.141738 
1518.088062 
1503.014612 
1443.961309 
1456.444270 
1477.102698 
1463.135779 
1404.762892 
1417.539425 
1436.942655 
1424.055367 
1366.328075 
1379.396388 
1397.575094 
1385.742235 
1328.627520 
1341.986105 
1358.969101 
1348.167031 
1291.633550 
1305.281154 
1321.095531 
1311.302053 
1255.320023 
1269.255623 
1283.926883 
1275.121133 
1219.662222 
1233.885002 
1247.437174 
1239.599520 
1184.636752 
1199.146087 
1211.601831 
1204.713786 
1150.221451 
1165.016883 
1176.397591 
1170.441728 
1116.395297 
1131.476524 
1141.802410 
1136.762286 
1083.138342 
1098.505200 
1107.795377 
1103.655466 
1050.431629 
1066.084082 
1074.356639 
1071.102270 
1018.257136 
1034.195261 
1041.467333 
1039.084630 
986.597709 
1002.821690 
1009.109518 
1007.585348 
955.437014 
971.947127 
977.266116 
976.588043 
924.759478 
941.556086 
945.920861 
946.077096 
894.550248 
911.633793 
915.058245 
916.037608 
864.795144 
882.166138 
884.663471 
886.455354 
835.480623 
853.139641 
854.722414 
857.316744 
806.593736 
824.541414 
825.221579 
828.608784 
778.122098 
796.359124 
796.148061 
800.319043 
750.053854 
768.580964 
767.489517 
772.435623 
722.377647 
741.195623 
739.234129 
744.947124 
695.082597 
714.192259 
711.370576 
717.842621 
668.158267 
687.560471 
683.888010 
691.111636 
641.594645 
661.290280 
656.776023 
664.744114 
615.382117 
635.372103 
630.024630 
638.730400 
589.511450 
609.796733 
603.624243 
613.061222 
563.973770 
584.555318 
577.565651 
587.727664 
538.760542 
559.639348 
551.840000 
562.721155 
513.863557 
535.040633 
526.438778 
538.033446 
489.274913 
510.751287 
501.353793 
513.656599 
464.986999 
486.763717 
476.577158 
489.582967 
440.992485 
463.070604 
452.101279 
465.805181 
417.284302 
439.664895 
427.918839 
442.316141 
393.855636 
416.539786 
404.022783 
419.108998 
370.699913 
393.688711 
380.406309 
396.177142 
347.810787 
371.105335 
357.062853 
373.514196 
325.182130 
348.783536 
333.986080 
351.114001 
302.808025 
326.717404 
311.169872 
328.970607 
280.682752 
304.901224 
288.608320 
307.078265 
258.800783 
283.329474 
266.295712 
285.431416 
237.156772 
261.996810 
244.226528 
264.024684 
215.745545 
240.898063 
222.395427 
242.852868 
194.562098 
220.028230 
200.797243 
221.910936 
173.601584 
199.382467 
179.426977 
201.194013 
152.859311 
178.956081 
158.279787 
180.697379 
132.330731 
158.744528 
137.350986 
160.416461 
1490.504221 
1487.489122 
1500.324485 
1481.125324 
1450.820012 
1448.174147 
1460.317209 
1441.801638 
1411.931377 
1409.643075 
1421.115049 
1403.259962 
1373.806973 
1371.865369 
1382.686129 
1365.469871 
1336.417271 
1334.812245 
1345.000429 
1328.402684 
1299.734423 
1298.456536 
1308.029644 
1292.031326 
1263.732135 
1262.772571 
1271.747057 
1256.330217 
1228.385554 
1227.736076 
1236.127422 
1221.275162 
1193.671165 
1193.324063 
1201.146856 
1186.843252 
1159.566696 
1159.514751 
1166.782744 
1153.012775 
1126.051030 
1126.287477 
1133.013651 
1119.763133 
1093.104132 
1093.622620 
1099.819241 
1087.074770 
1060.706968 
1061.501539 
1067.180205 
1054.929099 
1028.841449 
1029.906501 
1035.078187 
1023.308443 
997.490360 
998.820628 
1003.495729 
992.195973 
966.637313 
968.227839 
972.416212 
961.575657 
936.266688 
938.112806 
941.823800 
931.432210 
906.363590 
908.460902 
911.703392 
901.751048 
876.913803 
879.258162 
882.040582 
872.518246 
847.903750 
850.491245 
852.821612 
843.720497 
819.320456 
822.147394 
824.033334 
815.345080 
791.151510 
794.214403 
795.663178 
787.379824 
763.385037 
766.680588 
767.699115 
759.813073 
736.009662 
739.534756 
740.129627 
732.633666 
709.014490 
712.766179 
712.943682 
705.830901 
682.389071 
686.364567 
686.130702 
679.394513 
656.123382 
660.320045 
659.680540 
653.314654 
630.207803 
634.623131 
633.583459 
627.581865 
604.633093 
609.264718 
607.830110 
602.187061 
579.390372 
584.236049 
582.411507 
577.121506 
554.471104 
559.528705 
557.319015 
552.376800 
529.867078 
535.134584 
532.544326 
527.944862 
505.570390 
511.045887 
508.079448 
503.817910 
481.573431 
487.255103 
483.916686 
479.988451 
457.868871 
463.754994 
460.048628 
456.449262 
434.449646 
440.538584 
436.468130 
433.193382 
411.308943 
417.599142 
413.168306 
410.214098 
388.440193 
394.930178 
390.142515 
387.504932 
365.837053 
372.525425 
367.384348 
365.059629 
343.493404 
350.378831 
344.887619 
342.872153 
321.403331 
328.484550 
322.646352 
320.936669 
299.561123 
306.836933 
300.654776 
299.247540 
277.961258 
285.430519 
278.907311 
277.799314 
256.598397 
264.260026 
257.398565 
256.586722 
235.467374 
243.320341 
236.123320 
235.604662 
214.563193 
222.606520 
215.076528 
214.848197 
193.881014 
202.113773 
194.253303 
194.312549 
173.416153 
181.837461 
173.648915 
173.993087 
153.164072 
161.773092 
153.258780 
153.885327 
1494.988834 
1508.462964 
1490.266071 
1505.015643 
1455.093390 
1468.230704 
1450.448438 
1465.070836 
1415.992108 
1428.808102 
1411.421905 
1425.928914 
1377.653973 
1390.163198 
1373.155628 
1387.558289 
1340.049750 
1352.265889 
1335.620533 
1349.929204 
1303.151853 
1315.087788 
1298.789181 
1313.013591 
1266.934220 
1278.602095 
1262.635650 
1276.784949 
1231.372207 
1242.783480 
1227.135420 
1241.218225 
1196.442483 
1207.607981 
1192.265281 
1206.289713 
1162.122939 
1173.052902 
1158.003235 
1171.976960 
1128.392608 
1139.096730 
1124.328417 
1138.258677 
1095.231583 
1105.719052 
1091.221018 
1105.114661 
1062.620948 
1072.900482 
1058.662213 
1072.525722 
1030.542715 
1040.622592 
1026.634097 
1040.473616 
998.979763 
1008.867850 
995.119630 
1008.940986 
967.915784 
977.619565 
964.102578 
977.911303 
937.335230 
946.861833 
933.567463 
947.368813 
907.223269 
916.579485 
903.499520 
917.298495 
877.565743 
886.758049 
873.884651 
887.686009 
848.349123 
857.383700 
844.709387 
858.517660 
819.560476 
828.443230 
815.960849 
829.780358 
791.187429 
799.924006 
787.626719 
801.461586 
763.218139 
771.813939 
759.695200 
773.549362 
735.641262 
744.101454 
732.154994 
746.032212 
708.445922 
716.775460 
704.995273 
718.899141 
681.621693 
689.825324 
678.205649 
692.139610 
655.158568 
663.240847 
651.776155 
665.743503 
629.046940 
637.012237 
625.697223 
639.701113 
603.277579 
611.130093 
599.959658 
614.003117 
577.841616 
585.585382 
574.554623 
588.640554 
552.730519 
560.369417 
549.473621 
563.604809 
527.936082 
535.473846 
524.708475 
538.887597 
503.450405 
510.890628 
500.251314 
514.480941 
479.265879 
486.612024 
476.094556 
490.377163 
455.375173 
462.630576 
452.230898 
466.568863 
431.771222 
438.939101 
428.653299 
443.048913 
408.447212 
415.530669 
405.354968 
419.810436 
385.396566 
392.398599 
382.329353 
396.846802 
362.612940 
369.536442 
359.570131 
374.151609 
340.090206 
346.937973 
337.071195 
351.718680 
317.822446 
324.597179 
314.826645 
329.542045 
295.803939 
302.508252 
292.830781 
307.615939 
274.029155 
280.665577 
271.078092 
285.934787 
252.492747 
259.063726 
249.563247 
264.493199 
231.189542 
237.697447 
228.281089 
243.285961 
210.114531 
216.561659 
207.226627 
222.308028 
189.262867 
195.651443 
186.395029 
201.554515 
168.629856 
174.962038 
165.781614 
181.020694 
148.210949 
154.488830 
145.381849 
160.701981 
