23349860 
1.62395 1.62893 1.62712 1.63334 1.62766 1.63201 1.62929 1.63165 1.63391 1.63051 1.62727 1.62937 1.62751 1.62519 1.62114 
1489.370949 
1496.665425 
1507.444290 
1488.516562 
1506.155350 
1507.975069 
1493.536131 
1507.241040 
1488.456588 
1514.827546 
1502.022338 
1504.539812 
1489.062709 
1499.759228 
1502.905098 
1357.712584 
1363.947225 
1372.110726 
1358.718003 
1371.646430 
1373.520713 
1362.469352 
1372.493263 
1359.168131 
1378.570814 
1368.956013 
1370.176311 
1358.131553 
1365.743584 
1367.658043 
1233.922649 
1239.480971 
1245.715415 
1236.445867 
1245.790416 
1247.757517 
1239.125049 
1246.687042 
1237.231584 
1251.476142 
1243.965112 
1244.505847 
1234.945976 
1240.230763 
1241.127966 
1117.162765 
1122.322928 
1127.060874 
1120.999125 
1127.483187 
1129.601189 
1122.716925 
1128.616784 
1122.000392 
1132.286665 
1126.167830 
1126.426956 
1118.713860 
1122.187576 
1122.200623 
1006.710154 
1011.681091 
1015.188224 
1011.745404 
1015.825382 
1018.167455 
1012.551041 
1017.326153 
1012.873606 
1020.007400 
1014.802650 
1015.048239 
1008.742303 
1010.763219 
1009.969202 
901.940906 
906.885619 
909.313331 
908.123112 
910.071741 
912.724299 
908.019303 
912.038605 
909.307416 
913.832366 
909.212747 
909.634993 
904.427261 
905.247742 
903.683615 
802.314836 
807.365784 
808.783731 
809.637211 
809.595753 
812.658134 
808.589847 
812.111617 
810.816147 
813.096378 
808.830502 
809.572626 
805.242080 
805.042016 
802.714852 
707.362419 
712.631940 
713.048551 
715.852681 
713.864222 
717.449179 
713.797035 
717.005314 
716.968728 
717.241941 
713.163642 
714.340691 
710.726622 
709.635481 
706.529220 
616.673781 
622.261325 
621.636856 
626.387519 
622.418496 
626.653123 
623.232203 
626.260235 
627.383452 
625.795764 
621.783391 
623.493898 
620.477613 
618.589335 
614.669273 
529.889525 
535.886794 
534.141671 
540.906091 
534.860286 
539.887201 
536.535493 
539.481115 
541.722395 
538.351632 
534.314539 
536.647890 
534.140321 
531.523608 
526.739407 
446.693108 
453.187810 
450.207921 
459.113141 
450.840774 
456.819429 
453.388836 
456.324762 
459.686078 
454.557598 
450.427188 
453.468366 
451.401495 
448.107065 
442.394777 
366.804519 
373.883183 
369.523141 
380.748550 
370.052090 
377.160170 
373.509989 
376.490783 
381.008631 
374.106224 
369.829934 
373.662602 
371.983417 
368.049233 
361.332648 
289.975021 
297.725173 
291.810222 
305.582804 
292.220553 
300.655431 
296.647501 
299.714383 
305.453524 
296.726993 
292.264209 
296.972761 
295.638892 
291.094006 
283.285532 
215.982768 
224.494664 
216.821642 
233.413114 
217.101256 
227.081479 
222.576460 
225.760662 
232.809846 
222.180326 
217.499586 
223.170524 
222.147046 
217.014487 
208.015705 
144.629134 
153.997187 
144.334835 
164.060105 
144.473659 
156.240469 
151.094917 
154.420049 
162.889101 
150.252795 
145.329877 
152.052747 
151.309780 
145.608772 
135.310752 
