8544 446 260 243 241 241 240 242 245 241 
1.467 1.45853 1.46233 1.46314 
1.45681 1.45689 1.46655 1.46841 
1.46101 1.4646 1.4618 1.45872 
1.46569 1.46573 1.46561 1.46728 
1.4598 1.46846 1.46942 1.47233 
1.4701 1.47403 1.46384 1.46043 
1.46438 1.4638 1.46329 1.46419 
1.46897 1.46402 1.46951 1.45263 
1.46812 1.4716 1.45652 1.46985 
1513.953560 
1493.599634 
1490.462152 
1505.367391 
734.255452 
718.523433 
722.809613 
727.271884 
150.057264 
136.709216 
147.065749 
143.636389 
1484.327265 
1489.116391 
1499.423663 
1506.652008 
714.162960 
715.268256 
730.390380 
734.441389 
135.998075 
134.527105 
153.895852 
155.899697 
1502.524208 
1514.606123 
1492.215491 
1496.097769 
723.751051 
731.213079 
722.530260 
719.239533 
139.596446 
144.077250 
145.129753 
136.398223 
1500.237692 
1503.102754 
1484.617412 
1516.350856 
729.568144 
730.199630 
725.932972 
735.253233 
151.405981 
150.646358 
156.575480 
149.810106 
1503.489962 
1501.868017 
1505.115727 
1517.890620 
722.526178 
733.510164 
735.649505 
742.291396 
136.024453 
157.465812 
158.435788 
161.260879 
1509.389690 
1509.594472 
1497.979078 
1489.345248 
737.430558 
742.586883 
726.598205 
720.181907 
158.767511 
167.866800 
147.820079 
142.709962 
1505.432935 
1505.796125 
1501.076438 
1494.360089 
728.924186 
728.238569 
726.495297 
726.198170 
146.629042 
145.097192 
145.522810 
150.000154 
1493.851749 
1501.859666 
1500.511280 
1483.708704 
732.169609 
727.737989 
734.397566 
708.528678 
161.619090 
146.865788 
160.636236 
125.889560 
1503.042375 
1489.761821 
1492.712236 
1530.081327 
733.481431 
734.694522 
715.770169 
741.780484 
156.069777 
168.904136 
131.925410 
151.423918 
