57591954 
2.81765 2.81765 2.81765 
6990.000000 
6990.000000 
6990.000000 
6865.477561 
6865.477561 
6865.477561 
6743.396738 
6743.396738 
6743.396738 
6623.663623 
6623.663623 
6623.663623 
6506.189624 
6506.189624 
6506.189624 
6390.891069 
6390.891069 
6390.891069 
6277.688851 
6277.688851 
6277.688851 
6166.508102 
6166.508102 
6166.508102 
6057.277892 
6057.277892 
6057.277892 
5949.930961 
5949.930961 
5949.930961 
5844.403470 
5844.403470 
5844.403470 
5740.634771 
5740.634771 
5740.634771 
5638.567198 
5638.567198 
5638.567198 
5538.145875 
5538.145875 
5538.145875 
5439.318543 
5439.318543 
5439.318543 
5342.035387 
5342.035387 
5342.035387 
5246.248895 
5246.248895 
5246.248895 
5151.913714 
5151.913714 
5151.913714 
5058.986520 
5058.986520 
5058.986520 
4967.425903 
4967.425903 
4967.425903 
4877.192251 
4877.192251 
4877.192251 
4788.247652 
4788.247652 
4788.247652 
4700.555793 
4700.555793 
4700.555793 
4614.081877 
4614.081877 
4614.081877 
4528.792535 
4528.792535 
4528.792535 
4444.655752 
4444.655752 
4444.655752 
4361.640792 
4361.640792 
4361.640792 
4279.718135 
4279.718135 
4279.718135 
4198.859408 
4198.859408 
4198.859408 
4119.037331 
4119.037331 
4119.037331 
4040.225661 
4040.225661 
4040.225661 
3962.399136 
3962.399136 
3962.399136 
3885.533433 
3885.533433 
3885.533433 
3809.605116 
3809.605116 
3809.605116 
3734.591598 
3734.591598 
3734.591598 
3660.471099 
3660.471099 
3660.471099 
3587.222605 
3587.222605 
3587.222605 
3514.825838 
3514.825838 
3514.825838 
3443.261218 
3443.261218 
3443.261218 
3372.509832 
3372.509832 
3372.509832 
3302.553405 
3302.553405 
3302.553405 
3233.374272 
3233.374272 
3233.374272 
3164.955349 
3164.955349 
3164.955349 
3097.280111 
3097.280111 
3097.280111 
3030.332563 
3030.332563 
3030.332563 
2964.097223 
2964.097223 
2964.097223 
2898.559097 
2898.559097 
2898.559097 
2833.703659 
2833.703659 
2833.703659 
2769.516835 
2769.516835 
2769.516835 
2705.984978 
2705.984978 
2705.984978 
2643.094857 
2643.094857 
2643.094857 
2580.833638 
2580.833638 
2580.833638 
2519.188866 
2519.188866 
2519.188866 
2458.148454 
2458.148454 
2458.148454 
2397.700668 
2397.700668 
2397.700668 
2337.834111 
2337.834111 
2337.834111 
2278.537711 
2278.537711 
2278.537711 
2219.800711 
2219.800711 
2219.800711 
2161.612656 
2161.612656 
2161.612656 
2103.963378 
2103.963378 
2103.963378 
2046.842993 
2046.842993 
2046.842993 
1990.241884 
1990.241884 
1990.241884 
1934.150695 
1934.150695 
1934.150695 
1878.560321 
1878.560321 
1878.560321 
1823.461896 
1823.461896 
1823.461896 
1768.846791 
1768.846791 
1768.846791 
1714.706600 
1714.706600 
1714.706600 
1661.033135 
1661.033135 
1661.033135 
1607.818417 
1607.818417 
1607.818417 
1555.054672 
1555.054672 
1555.054672 
1502.734319 
1502.734319 
1502.734319 
1450.849969 
1450.849969 
1450.849969 
1399.394416 
1399.394416 
1399.394416 
1348.360629 
1348.360629 
1348.360629 
1297.741752 
1297.741752 
1297.741752 
1247.531091 
1247.531091 
1247.531091 
1197.722115 
1197.722115 
1197.722115 
1148.308448 
1148.308448 
1148.308448 
1099.283866 
1099.283866 
1099.283866 
1050.642288 
1050.642288 
1050.642288 
1002.377777 
1002.377777 
1002.377777 
954.484531 
954.484531 
954.484531 
906.956882 
906.956882 
906.956882 
859.789292 
859.789292 
859.789292 
812.976344 
812.976344 
812.976344 
766.512748 
766.512748 
766.512748 
720.393326 
720.393326 
720.393326 
674.613017 
674.613017 
674.613017 
629.166871 
629.166871 
629.166871 
584.050046 
584.050046 
584.050046 
539.257801 
539.257801 
539.257801 
494.785501 
494.785501 
494.785501 
450.628608 
450.628608 
450.628608 
406.782679 
406.782679 
406.782679 
363.243364 
363.243364 
363.243364 
320.006406 
320.006406 
320.006406 
277.067634 
277.067634 
277.067634 
234.422963 
234.422963 
234.422963 
192.068392 
192.068392 
192.068392 
150.000000 
150.000000 
150.000000 
