6862279 
2.23087 2.23087 2.23087 
1500.000000 
1500.000000 
1500.000000 
1449.841026 
1449.841026 
1449.841026 
1401.649071 
1401.649071 
1401.649071 
1355.275680 
1355.275680 
1355.275680 
1310.588594 
1310.588594 
1310.588594 
1267.469477 
1267.469477 
1267.469477 
1225.812024 
1225.812024 
1225.812024 
1185.520389 
1185.520389 
1185.520389 
1146.507854 
1146.507854 
1146.507854 
1108.695705 
1108.695705 
1108.695705 
1072.012276 
1072.012276 
1072.012276 
1036.392135 
1036.392135 
1036.392135 
1001.775379 
1001.775379 
1001.775379 
968.107026 
968.107026 
968.107026 
935.336497 
935.336497 
935.336497 
903.417150 
903.417150 
903.417150 
872.305888 
872.305888 
872.305888 
841.962805 
841.962805 
841.962805 
812.350881 
812.350881 
812.350881 
783.435707 
783.435707 
783.435707 
755.185251 
755.185251 
755.185251 
727.569636 
727.569636 
727.569636 
700.560958 
700.560958 
700.560958 
674.133112 
674.133112 
674.133112 
648.261641 
648.261641 
648.261641 
622.923603 
622.923603 
622.923603 
598.097444 
598.097444 
598.097444 
573.762892 
573.762892 
573.762892 
549.900856 
549.900856 
549.900856 
526.493335 
526.493335 
526.493335 
503.523338 
503.523338 
503.523338 
480.974808 
480.974808 
480.974808 
458.832559 
458.832559 
458.832559 
437.082207 
437.082207 
437.082207 
415.710123 
415.710123 
415.710123 
394.703373 
394.703373 
394.703373 
374.049678 
374.049678 
374.049678 
353.737366 
353.737366 
353.737366 
333.755336 
333.755336 
333.755336 
314.093018 
314.093018 
314.093018 
294.740343 
294.740343 
294.740343 
275.687710 
275.687710 
275.687710 
256.925956 
256.925956 
256.925956 
238.446334 
238.446334 
238.446334 
220.240485 
220.240485 
220.240485 
202.300414 
202.300414 
202.300414 
184.618473 
184.618473 
184.618473 
167.187341 
167.187341 
167.187341 
150.000000 
150.000000 
150.000000 
