54995349 10323 9374 9269 
2.37378 2.38387 2.39994 2.41657 2.43102 2.43915 2.43102 2.41657 2.39994 2.38387 
2.39375 2.47122 2.57605 2.68908 2.80713 2.93333 2.80713 2.68908 2.57605 2.47122 
2.93333 2.79193 2.67976 2.58826 2.51281 2.45556 2.51281 2.58826 2.67976 2.79193 
1500.000000 
1550.000000 
1600.000000 
1650.000000 
1700.000000 
1750.000000 
1700.000000 
1650.000000 
1600.000000 
1550.000000 
1428.267384 
1471.646853 
1518.144797 
1564.951274 
1611.449218 
1654.828687 
1611.449218 
1564.951274 
1518.144797 
1471.646853 
1360.159607 
1398.159922 
1441.402491 
1485.221147 
1528.463716 
1566.464030 
1528.463716 
1485.221147 
1441.402491 
1398.159922 
1295.392039 
1328.949804 
1369.169388 
1410.186076 
1450.405661 
1483.963426 
1450.405661 
1410.186076 
1369.169388 
1328.949804 
1233.697961 
1263.532610 
1300.943005 
1339.325852 
1376.736247 
1406.570897 
1376.736247 
1339.325852 
1300.943005 
1263.532610 
1174.832257 
1201.505270 
1236.300660 
1272.201937 
1306.997327 
1333.670340 
1306.997327 
1272.201937 
1236.300660 
1201.505270 
1118.572021 
1142.527862 
1174.883429 
1208.441221 
1240.796789 
1264.752629 
1240.796789 
1208.441221 
1174.883429 
1142.527862 
1064.715648 
1086.310654 
1116.383923 
1147.723635 
1177.796904 
1199.391911 
1177.796904 
1147.723635 
1116.383923 
1086.310654 
1013.081255 
1032.604404 
1060.536858 
1089.772567 
1117.705021 
1137.228170 
1117.705021 
1089.772567 
1060.536858 
1032.604404 
963.504868 
981.192941 
1007.111685 
1034.347351 
1060.266096 
1077.954168 
1060.266096 
1034.347351 
1007.111685 
981.192941 
915.838594 
931.887426 
955.906770 
981.237311 
1005.256654 
1021.305486 
1005.256654 
981.237311 
955.906770 
931.887426 
869.948884 
884.521830 
906.744737 
930.256986 
952.479894 
967.052839 
952.479894 
930.256986 
906.744737 
884.521830 
825.714950 
838.949321 
859.468721 
881.242274 
901.761673 
914.996044 
901.761673 
881.242274 
859.468721 
838.949321 
783.027341 
795.039371 
813.939310 
834.047279 
852.947219 
864.959249 
852.947219 
834.047279 
813.939310 
795.039371 
741.786669 
752.675379 
770.032047 
788.541724 
805.898392 
816.787101 
805.898392 
788.541724 
770.032047 
752.675379 
701.902498 
711.752733 
727.635354 
744.608798 
760.491419 
770.341654 
760.491419 
744.608798 
727.635354 
711.752733 
663.292352 
672.177197 
686.648815 
702.143373 
716.614990 
725.499836 
716.614990 
702.143373 
686.648815 
672.177197 
625.880857 
633.863566 
646.981726 
661.050496 
674.168656 
682.151365 
674.168656 
661.050496 
646.981726 
633.863566 
589.598978 
596.734532 
608.551881 
621.244124 
633.061473 
640.197027 
633.061473 
621.244124 
608.551881 
596.734532 
554.383356 
560.719731 
571.284543 
582.646040 
593.210852 
599.547227 
593.210852 
582.646040 
571.284543 
560.719731 
520.175718 
525.754923 
535.111557 
545.184940 
554.541573 
560.120778 
554.541573 
545.184940 
535.111557 
525.754923 
486.922369 
491.781299 
499.970602 
508.795639 
516.984942 
521.843873 
516.984942 
508.795639 
499.970602 
491.781299 
454.573730 
458.744877 
465.804543 
473.418394 
480.478060 
484.649208 
480.478060 
473.418394 
465.804543 
458.744877 
423.083942 
426.595987 
432.560865 
438.998317 
444.963195 
448.475240 
444.963195 
438.998317 
432.560865 
426.595987 
392.410513 
395.288818 
400.191192 
405.484860 
410.387235 
413.265540 
410.387235 
405.484860 
400.191192 
395.288818 
362.513994 
364.781026 
368.650859 
372.831374 
376.701208 
378.968240 
376.701208 
372.831374 
368.650859 
364.781026 
333.357710 
335.033391 
337.898543 
340.994717 
343.859869 
345.535550 
343.859869 
340.994717 
337.898543 
335.033391 
304.907505 
306.009516 
307.895935 
309.934912 
311.821331 
312.923342 
311.821331 
309.934912 
307.895935 
306.009516 
277.131521 
277.675559 
278.607455 
279.614845 
280.546742 
281.090779 
280.546742 
279.614845 
278.607455 
277.675559 
250.000000 
250.000000 
250.000000 
250.000000 
250.000000 
250.000000 
250.000000 
250.000000 
250.000000 
250.000000 
1500.000000 
1550.000000 
1600.000000 
1650.000000 
1700.000000 
1750.000000 
1700.000000 
1650.000000 
1600.000000 
1550.000000 
1430.178989 
1475.118033 
1524.287413 
1573.981742 
1623.151122 
1668.090166 
1623.151122 
1573.981742 
1524.287413 
1475.118033 
1363.832480 
1404.874332 
1453.301669 
1502.719820 
1551.147157 
1592.189008 
1551.147157 
1502.719820 
1453.301669 
1404.874332 
1300.669259 
1338.697880 
1386.482872 
1435.658460 
1483.443451 
1521.472073 
1483.443451 
1435.658460 
1386.482872 
1338.697880 
1240.420490 
1276.121623 
1323.365359 
1372.333602 
1419.577338 
1455.278471 
1419.577338 
1372.333602 
1323.365359 
1276.121623 
1182.841701 
1216.757862 
1263.557720 
1312.353732 
1359.153590 
1393.069751 
1359.153590 
1312.353732 
1263.557720 
1216.757862 
1127.712298 
1160.280702 
1206.727822 
1255.385497 
1301.832616 
1334.401020 
1301.832616 
1255.385497 
1206.727822 
1160.280702 
1074.833970 
1106.413214 
1152.591413 
1201.142731 
1247.320930 
1278.900174 
1247.320930 
1201.142731 
1152.591413 
1106.413214 
1024.028661 
1054.917844 
1100.903329 
1149.377966 
1195.363452 
1226.252635 
1195.363452 
1149.377966 
1100.903329 
1054.917844 
975.136462 
1005.589116 
1051.450635 
1099.875761 
1145.737280 
1176.189935 
1145.737280 
1099.875761 
1051.450635 
1005.589116 
928.013600 
958.247990 
1004.047196 
1052.447422 
1098.246628 
1128.481019 
1098.246628 
1052.447422 
1004.047196 
958.247990 
882.530581 
912.737428 
958.529353 
1006.926759 
1052.718684 
1082.925531 
1052.718684 
1006.926759 
958.529353 
912.737428 
838.570534 
868.918872 
914.752434 
963.166652 
1009.000214 
1039.348552 
1009.000214 
963.166652 
914.752434 
868.918872 
796.027737 
826.669421 
872.587914 
921.036258 
966.954752 
997.596435 
966.954752 
921.036258 
872.587914 
826.669421 
754.806324 
785.879520 
831.921097 
880.418694 
926.460271 
957.533467 
926.460271 
880.418694 
831.921097 
785.879520 
714.819160 
746.451084 
792.649187 
841.209133 
887.407236 
919.039161 
887.407236 
841.209133 
792.649187 
746.451084 
675.986845 
708.295934 
754.679693 
803.313205 
849.696964 
882.006052 
849.696964 
803.313205 
754.679693 
708.295934 
638.236864 
671.334496 
717.929091 
766.645656 
813.240252 
846.337883 
813.240252 
766.645656 
717.929091 
671.334496 
601.502825 
635.494716 
682.321696 
731.129217 
777.956198 
811.948088 
777.956198 
731.129217 
682.321696 
635.494716 
565.723808 
600.711135 
647.788707 
696.693641 
743.771213 
778.758540 
743.771213 
696.693641 
647.788707 
600.711135 
530.843786 
566.924109 
614.267390 
663.274880 
710.618161 
746.698483 
710.618161 
663.274880 
614.267390 
566.924109 
496.811124 
534.079137 
581.700383 
630.814381 
678.435628 
715.703641 
678.435628 
630.814381 
581.700383 
534.079137 
463.578133 
502.126290 
550.035098 
599.258481 
647.167290 
685.715446 
647.167290 
599.258481 
550.035098 
502.126290 
431.100681 
471.019713 
519.223199 
568.557875 
616.761361 
656.680394 
616.761361 
568.557875 
519.223199 
471.019713 
399.337849 
440.717199 
489.220156 
538.667165 
587.170122 
628.549471 
587.170122 
538.667165 
489.220156 
440.717199 
368.251625 
411.179808 
459.984848 
509.544455 
558.349495 
601.277678 
558.349495 
509.544455 
459.984848 
411.179808 
337.806634 
382.371548 
431.479229 
481.151007 
530.258688 
574.823603 
530.258688 
481.151007 
431.479229 
382.371548 
307.969897 
354.259084 
403.668019 
453.450932 
502.859868 
549.149055 
502.859868 
453.450932 
403.668019 
354.259084 
278.710620 
326.811484 
376.518444 
426.410920 
476.117880 
524.218745 
476.117880 
426.410920 
376.518444 
326.811484 
250.000000 
300.000000 
350.000000 
400.000000 
450.000000 
500.000000 
450.000000 
400.000000 
350.000000 
300.000000 
1500.000000 
1550.000000 
1600.000000 
1650.000000 
1700.000000 
1750.000000 
1700.000000 
1650.000000 
1600.000000 
1550.000000 
1441.528862 
1483.348758 
1527.175265 
1571.093891 
1614.920398 
1656.740293 
1614.920398 
1571.093891 
1527.175265 
1483.348758 
1385.884585 
1420.843363 
1458.901164 
1497.120325 
1535.178125 
1570.136904 
1535.178125 
1497.120325 
1458.901164 
1420.843363 
1332.900686 
1361.987594 
1394.641772 
1427.499560 
1460.153737 
1489.240646 
1460.153737 
1427.499560 
1394.641772 
1361.987594 
1282.405535 
1306.373702 
1333.950755 
1361.748206 
1389.325259 
1413.293426 
1389.325259 
1361.748206 
1333.950755 
1306.373702 
1234.231668 
1253.661533 
1276.452455 
1299.458997 
1322.249919 
1341.679784 
1322.249919 
1299.458997 
1276.452455 
1253.661533 
1188.220412 
1203.563689 
1221.827705 
1240.285614 
1258.549629 
1273.892906 
1258.549629 
1240.285614 
1221.827705 
1203.563689 
1144.223910 
1155.834681 
1169.803020 
1183.931124 
1197.899463 
1209.510233 
1197.899463 
1183.931124 
1169.803020 
1155.834681 
1102.105719 
1110.262834 
1120.142257 
1130.139039 
1140.018461 
1148.175576 
1140.018461 
1130.139039 
1120.142257 
1110.262834 
1061.740635 
1066.664125 
1072.640095 
1078.686301 
1084.662271 
1089.585761 
1084.662271 
1078.686301 
1072.640095 
1066.664125 
1023.014127 
1024.877401 
1027.116882 
1029.377737 
1031.617218 
1033.480492 
1031.617218 
1029.377737 
1027.116882 
1024.877401 
985.821575 
984.760620 
983.414510 
982.041602 
980.695492 
979.634537 
980.695492 
982.041602 
983.414510 
984.760620 
950.067458 
946.187862 
941.393100 
936.525987 
931.731224 
927.851629 
931.731224 
936.525987 
941.393100 
946.187862 
915.664527 
909.046904 
900.928289 
892.695884 
884.577269 
877.959645 
884.577269 
892.695884 
900.928289 
909.046904 
882.533035 
873.237258 
861.909018 
850.430774 
839.102534 
829.806757 
839.102534 
850.430774 
861.909018 
873.237258 
850.600004 
838.668549 
824.235690 
809.622630 
795.189771 
783.258316 
795.189771 
809.622630 
824.235690 
838.668549 
819.798569 
805.259171 
787.818648 
770.174250 
752.733727 
738.194329 
752.733727 
770.174250 
787.818648 
805.259171 
790.067375 
772.935161 
752.576886 
731.997862 
711.639586 
694.507372 
711.639586 
731.997862 
752.576886 
772.935161 
761.350040 
741.629257 
718.436975 
695.013939 
671.821656 
652.100874 
671.821656 
695.013939 
718.436975 
741.629257 
733.594669 
711.280092 
685.332143 
659.150205 
633.202256 
610.887679 
633.202256 
659.150205 
685.332143 
711.280092 
706.753423 
681.831510 
653.201496 
624.340773 
595.710759 
570.788846 
595.710759 
624.340773 
653.201496 
681.831510 
680.782137 
653.231984 
621.989345 
590.525420 
559.282780 
531.732628 
559.282780 
590.525420 
621.989345 
653.231984 
655.639968 
625.434106 
591.644630 
557.648949 
523.859473 
493.653611 
523.859473 
557.648949 
591.644630 
625.434106 
631.289096 
598.394153 
562.120424 
525.660651 
489.386921 
456.491979 
489.386921 
525.660651 
562.120424 
598.394153 
607.694444 
572.071705 
533.373497 
494.513823 
455.815615 
420.192877 
455.815615 
494.513823 
533.373497 
572.071705 
584.823432 
546.429313 
505.363940 
464.165363 
423.099990 
384.705871 
423.099990 
464.165363 
505.363940 
546.429313 
562.645763 
521.432210 
478.054833 
434.575404 
391.198027 
349.984473 
391.198027 
434.575404 
478.054833 
521.432210 
541.133219 
497.048052 
451.411955 
405.706997 
360.070899 
315.985733 
360.070899 
405.706997 
451.411955 
497.048052 
520.259487 
473.246698 
425.403530 
377.525834 
329.682667 
282.669878 
329.682667 
377.525834 
425.403530 
473.246698 
500.000000 
450.000000 
400.000000 
350.000000 
300.000000 
250.000000 
300.000000 
350.000000 
400.000000 
450.000000 
